
=== Sat Jan 29 20:04:52 2022

Packages were changed.
Update Mode: mergeDefaultDependencies

The following packages were 추가됨:
  com.unity.collab-proxy@1.15.7
  com.unity.ide.visualstudio@2.0.12
  com.unity.modules.ai@1.0.0
  com.unity.modules.cloth@1.0.0
  com.unity.modules.director@1.0.0
  com.unity.modules.physics2d@1.0.0
  com.unity.modules.terrain@1.0.0
  com.unity.modules.terrainphysics@1.0.0
  com.unity.modules.tilemap@1.0.0
  com.unity.modules.vehicles@1.0.0
  com.unity.modules.vr@1.0.0
  com.unity.modules.wind@1.0.0
  com.unity.modules.xr@1.0.0
  com.unity.timeline@1.4.8
The following packages were 업데이트됨:
  com.unity.ide.rider 1.1.4 버전에서 2.0.7버전으로  com.unity.ide.vscode 1.2.3 버전에서 1.2.4버전으로  com.unity.mobile.android-logcat 1.2.0 버전에서 1.2.3버전으로  com.unity.mobile.notifications 1.0.3 버전에서 1.4.2버전으로  com.unity.test-framework 1.1.20 버전에서 1.1.29버전으로  com.unity.textmeshpro 2.1.3 버전에서 3.0.6버전으로