Using pre-set license
Built from '2020.3/staging' branch; Version is '2020.3.26f1 (7298b473bc1a) revision 7510196'; Using compiler version '192528614'; Build Type 'Release'
OS: 'Windows 10  (10.0.19042) 64bit Core' Language: 'ko' Physical Memory: 16062 MB
BatchMode: 1, IsHumanControllingUs: 0, StartBugReporterOnCrash: 0, Is64bit: 1, IsPro: 0

COMMAND LINE ARGUMENTS:
C:\Program Files\Unity\Hub\Editor\2020.3.26f1\Editor\Unity.exe
-adb2
-batchMode
-noUpm
-name
AssetImportWorker0
-projectPath
C:/Users/jjw12/Downloads/FirstProject
-logFile
Logs/AssetImportWorker0.log
-srvPort
63904
Successfully changed project path to: C:/Users/jjw12/Downloads/FirstProject
C:/Users/jjw12/Downloads/FirstProject
Using Asset Import Pipeline V2.
Refreshing native plugins compatible for Editor in 36.92 ms, found 2 plugins.
Preloading 0 native plugins for Editor in 0.00 ms.
Initialize engine version: 2020.3.26f1 (7298b473bc1a)
[Subsystems] Discovering subsystems at path C:/Program Files/Unity/Hub/Editor/2020.3.26f1/Editor/Data/Resources/UnitySubsystems
[Subsystems] Discovering subsystems at path C:/Users/jjw12/Downloads/FirstProject/Assets
GfxDevice: creating device client; threaded=0
Direct3D:
    Version:  Direct3D 11.0 [level 11.1]
    Renderer: NVIDIA GeForce MX450 (ID=0x1f9c)
    Vendor:   
    VRAM:     1928 MB
    Driver:   30.0.15.1123
Initialize mono
Mono path[0] = 'C:/Program Files/Unity/Hub/Editor/2020.3.26f1/Editor/Data/Managed'
Mono path[1] = 'C:/Program Files/Unity/Hub/Editor/2020.3.26f1/Editor/Data/MonoBleedingEdge/lib/mono/unityjit'
Mono config path = 'C:/Program Files/Unity/Hub/Editor/2020.3.26f1/Editor/Data/MonoBleedingEdge/etc'
Using monoOptions --debugger-agent=transport=dt_socket,embedding=1,server=y,suspend=n,address=127.0.0.1:56136
Begin MonoManager ReloadAssembly
Registering precompiled unity dll's ...
Register platform support module: C:/Program Files/Unity/Hub/Editor/2020.3.26f1/Editor/Data/PlaybackEngines/WindowsStandaloneSupport/UnityEditor.WindowsStandalone.Extensions.dll
Registered in 0.001767 seconds.
Native extension for WindowsStandalone target not found
Refreshing native plugins compatible for Editor in 31.60 ms, found 2 plugins.
Preloading 0 native plugins for Editor in 0.00 ms.
Mono: successfully reloaded assembly
- Completed reload, in  0.414 seconds
Domain Reload Profiling:
	ReloadAssembly (415ms)
		BeginReloadAssembly (43ms)
			ExecutionOrderSort (0ms)
			DisableScriptedObjects (0ms)
			BackupInstance (0ms)
			ReleaseScriptingObjects (0ms)
			CreateAndSetChildDomain (1ms)
		EndReloadAssembly (313ms)
			LoadAssemblies (41ms)
			RebuildTransferFunctionScriptingTraits (0ms)
			SetupTypeCache (100ms)
			ReleaseScriptCaches (0ms)
			RebuildScriptCaches (21ms)
			SetupLoadedEditorAssemblies (118ms)
				LogAssemblyErrors (0ms)
				InitializePlatformSupportModulesInManaged (4ms)
				SetLoadedEditorAssemblies (0ms)
				RefreshPlugins (32ms)
				BeforeProcessingInitializeOnLoad (12ms)
				ProcessInitializeOnLoadAttributes (52ms)
				ProcessInitializeOnLoadMethodAttributes (19ms)
				AfterProcessingInitializeOnLoad (0ms)
				EditorAssembliesLoaded (0ms)
			ExecutionOrderSort2 (0ms)
			AwakeInstancesAfterBackupRestoration (0ms)
Platform modules already initialized, skipping
Registering precompiled user dll's ...
Registered in 0.003914 seconds.
Begin MonoManager ReloadAssembly
Native extension for WindowsStandalone target not found
Refreshing native plugins compatible for Editor in 33.01 ms, found 2 plugins.
Preloading 0 native plugins for Editor in 0.00 ms.
Mono: successfully reloaded assembly
- Completed reload, in  0.844 seconds
Domain Reload Profiling:
	ReloadAssembly (845ms)
		BeginReloadAssembly (102ms)
			ExecutionOrderSort (0ms)
			DisableScriptedObjects (3ms)
			BackupInstance (0ms)
			ReleaseScriptingObjects (0ms)
			CreateAndSetChildDomain (15ms)
		EndReloadAssembly (692ms)
			LoadAssemblies (72ms)
			RebuildTransferFunctionScriptingTraits (0ms)
			SetupTypeCache (221ms)
			ReleaseScriptCaches (0ms)
			RebuildScriptCaches (34ms)
			SetupLoadedEditorAssemblies (287ms)
				LogAssemblyErrors (0ms)
				InitializePlatformSupportModulesInManaged (2ms)
				SetLoadedEditorAssemblies (0ms)
				RefreshPlugins (33ms)
				BeforeProcessingInitializeOnLoad (61ms)
				ProcessInitializeOnLoadAttributes (176ms)
				ProcessInitializeOnLoadMethodAttributes (9ms)
				AfterProcessingInitializeOnLoad (5ms)
				EditorAssembliesLoaded (0ms)
			ExecutionOrderSort2 (0ms)
			AwakeInstancesAfterBackupRestoration (4ms)
Platform modules already initialized, skipping
========================================================================
Worker process is ready to serve import requests
Launched and connected shader compiler UnityShaderCompiler.exe after 0.05 seconds
Refreshing native plugins compatible for Editor in 0.45 ms, found 2 plugins.
Preloading 0 native plugins for Editor in 0.00 ms.
Unloading 2112 Unused Serialized files (Serialized files now loaded: 0)
System memory in use before: 106.5 MB.
System memory in use after: 106.6 MB.

Unloading 36 unused Assets to reduce memory usage. Loaded Objects now: 2554.
Total: 2.467800 ms (FindLiveObjects: 0.117200 ms CreateObjectMapping: 0.039000 ms MarkObjects: 2.239500 ms  DeleteObjects: 0.071300 ms)

AssetImportParameters requested are different than current active one (requested -> active):
  custom:framework-win-MediaFoundation: 216162199b28c13a410421893ffa2e32 -> 
  custom:video-decoder-ogg-theora: a1e56fd34408186e4bbccfd4996cb3dc -> 
  custom:container-muxer-webm: aa71ff27fc2769a1b78a27578f13a17b -> 
  custom:container-demuxer-webm: 4f35f7cbe854078d1ac9338744f61a02 -> 
  custom:container-demuxer-ogg: 62fdf1f143b41e24485cea50d1cbac27 -> 
  custom:video-encoder-webm-vp8: eb34c28f22e8b96e1ab97ce403110664 -> 
  custom:video-decoder-webm-vp8: 9c59270c3fd7afecdb556c50c9e8de78 -> 
  custom:audio-decoder-ogg-vorbis: bf7c407c2cedff20999df2af8eb42d56 -> 
  custom:audio-encoder-webm-vorbis: bf7c407c2cedff20999df2af8eb42d56 -> 
========================================================================
Received Import Request.
  path: Assets/Face_base.fbx
  artifactKey: Guid(ae83413746225aa4caa5c1eb1e1ec819) Importer(815301076,1909f56bfc062723c751e8b465ee728b)
Start importing Assets/Face_base.fbx using Guid(ae83413746225aa4caa5c1eb1e1ec819) Importer(815301076,1909f56bfc062723c751e8b465ee728b)  -> (artifact id: 'db0ca4a5e41205557abfeb8685a31a16') in 0.217883 seconds 
  Import took 0.220929 seconds .

========================================================================
Received Import Request.
  Time since last request: 124.927009 seconds.
  path: Assets/Player/Character_fix1.fbx
  artifactKey: Guid(4b0bf56fc5703154bbf3bf8edb6ff37e) Importer(815301076,1909f56bfc062723c751e8b465ee728b)
Start importing Assets/Player/Character_fix1.fbx using Guid(4b0bf56fc5703154bbf3bf8edb6ff37e) Importer(815301076,1909f56bfc062723c751e8b465ee728b)  -> (artifact id: '148241e183ef2e885aab23317dfc2e56') in 0.137795 seconds 
  Import took 0.141476 seconds .

========================================================================
Received Import Request.
  Time since last request: 26.166562 seconds.
  path: Assets/Player/Character_fix1.fbx
  artifactKey: Guid(4b0bf56fc5703154bbf3bf8edb6ff37e) Importer(815301076,1909f56bfc062723c751e8b465ee728b)
Start importing Assets/Player/Character_fix1.fbx using Guid(4b0bf56fc5703154bbf3bf8edb6ff37e) Importer(815301076,1909f56bfc062723c751e8b465ee728b)  -> (artifact id: '4978a1e2c9ab31bfc0678c7d75c00d35') in 0.120258 seconds 
  Import took 0.124571 seconds .

========================================================================
Received Import Request.
  Time since last request: 29.854753 seconds.
  path: Assets/Player/Face_base.fbx
  artifactKey: Guid(ae83413746225aa4caa5c1eb1e1ec819) Importer(815301076,1909f56bfc062723c751e8b465ee728b)
Start importing Assets/Player/Face_base.fbx using Guid(ae83413746225aa4caa5c1eb1e1ec819) Importer(815301076,1909f56bfc062723c751e8b465ee728b)  -> (artifact id: '18dc6bc55817c97278aace2adedd3456') in 0.076304 seconds 
  Import took 0.079854 seconds .

========================================================================
Received Prepare
Registering precompiled user dll's ...
Registered in 0.004742 seconds.
Begin MonoManager ReloadAssembly
Native extension for WindowsStandalone target not found
Refreshing native plugins compatible for Editor in 0.61 ms, found 2 plugins.
Preloading 0 native plugins for Editor in 0.00 ms.
Mono: successfully reloaded assembly
- Completed reload, in  0.923 seconds
Domain Reload Profiling:
	ReloadAssembly (924ms)
		BeginReloadAssembly (110ms)
			ExecutionOrderSort (0ms)
			DisableScriptedObjects (3ms)
			BackupInstance (0ms)
			ReleaseScriptingObjects (0ms)
			CreateAndSetChildDomain (30ms)
		EndReloadAssembly (752ms)
			LoadAssemblies (80ms)
			RebuildTransferFunctionScriptingTraits (0ms)
			SetupTypeCache (258ms)
			ReleaseScriptCaches (1ms)
			RebuildScriptCaches (34ms)
			SetupLoadedEditorAssemblies (302ms)
				LogAssemblyErrors (0ms)
				InitializePlatformSupportModulesInManaged (3ms)
				SetLoadedEditorAssemblies (0ms)
				RefreshPlugins (1ms)
				BeforeProcessingInitializeOnLoad (68ms)
				ProcessInitializeOnLoadAttributes (214ms)
				ProcessInitializeOnLoadMethodAttributes (10ms)
				AfterProcessingInitializeOnLoad (5ms)
				EditorAssembliesLoaded (0ms)
			ExecutionOrderSort2 (0ms)
			AwakeInstancesAfterBackupRestoration (5ms)
Platform modules already initialized, skipping
Refreshing native plugins compatible for Editor in 0.49 ms, found 2 plugins.
Preloading 0 native plugins for Editor in 0.00 ms.
Unloading 2102 Unused Serialized files (Serialized files now loaded: 0)
System memory in use before: 109.7 MB.
System memory in use after: 109.8 MB.

Unloading 29 unused Assets to reduce memory usage. Loaded Objects now: 2599.
Total: 2.267000 ms (FindLiveObjects: 0.121300 ms CreateObjectMapping: 0.037100 ms MarkObjects: 2.092200 ms  DeleteObjects: 0.015600 ms)

AssetImportParameters requested are different than current active one (requested -> active):
  custom:framework-win-MediaFoundation: 216162199b28c13a410421893ffa2e32 -> 
  custom:video-decoder-ogg-theora: a1e56fd34408186e4bbccfd4996cb3dc -> 
  custom:container-muxer-webm: aa71ff27fc2769a1b78a27578f13a17b -> 
  custom:container-demuxer-webm: 4f35f7cbe854078d1ac9338744f61a02 -> 
  custom:container-demuxer-ogg: 62fdf1f143b41e24485cea50d1cbac27 -> 
  custom:video-encoder-webm-vp8: eb34c28f22e8b96e1ab97ce403110664 -> 
  custom:video-decoder-webm-vp8: 9c59270c3fd7afecdb556c50c9e8de78 -> 
  custom:audio-decoder-ogg-vorbis: bf7c407c2cedff20999df2af8eb42d56 -> 
  custom:audio-encoder-webm-vorbis: bf7c407c2cedff20999df2af8eb42d56 -> 
========================================================================
Received Import Request.
  Time since last request: 60.484121 seconds.
  path: Assets/Player/PlayerArmature.prefab
  artifactKey: Guid(866e2e426131272459fe91598109e919) Importer(815301076,1909f56bfc062723c751e8b465ee728b)
Start importing Assets/Player/PlayerArmature.prefab using Guid(866e2e426131272459fe91598109e919) Importer(815301076,1909f56bfc062723c751e8b465ee728b)  -> (artifact id: '618a99611a065b0610fd4e25458b7c8f') in 0.081970 seconds 
  Import took 0.086203 seconds .

========================================================================
Received Import Request.
  Time since last request: 7.533873 seconds.
  path: Assets/StarterAssets/ThirdPersonController/Character/Animations/Stand--Idle.anim.fbx
  artifactKey: Guid(12e52e465ed793a4d801955e9f964a82) Importer(815301076,1909f56bfc062723c751e8b465ee728b)
Start importing Assets/StarterAssets/ThirdPersonController/Character/Animations/Stand--Idle.anim.fbx using Guid(12e52e465ed793a4d801955e9f964a82) Importer(815301076,1909f56bfc062723c751e8b465ee728b)  -> (artifact id: 'd24706157504cff9882345177e2060c4') in 0.013652 seconds 
  Import took 0.016905 seconds .

========================================================================
Received Prepare
Registering precompiled user dll's ...
Registered in 0.003636 seconds.
Begin MonoManager ReloadAssembly
Native extension for WindowsStandalone target not found
Refreshing native plugins compatible for Editor in 0.48 ms, found 2 plugins.
Preloading 0 native plugins for Editor in 0.00 ms.
Mono: successfully reloaded assembly
- Completed reload, in  0.780 seconds
Domain Reload Profiling:
	ReloadAssembly (780ms)
		BeginReloadAssembly (94ms)
			ExecutionOrderSort (0ms)
			DisableScriptedObjects (3ms)
			BackupInstance (0ms)
			ReleaseScriptingObjects (0ms)
			CreateAndSetChildDomain (28ms)
		EndReloadAssembly (630ms)
			LoadAssemblies (75ms)
			RebuildTransferFunctionScriptingTraits (0ms)
			SetupTypeCache (200ms)
			ReleaseScriptCaches (1ms)
			RebuildScriptCaches (30ms)
			SetupLoadedEditorAssemblies (255ms)
				LogAssemblyErrors (0ms)
				InitializePlatformSupportModulesInManaged (3ms)
				SetLoadedEditorAssemblies (0ms)
				RefreshPlugins (1ms)
				BeforeProcessingInitializeOnLoad (55ms)
				ProcessInitializeOnLoadAttributes (183ms)
				ProcessInitializeOnLoadMethodAttributes (7ms)
				AfterProcessingInitializeOnLoad (5ms)
				EditorAssembliesLoaded (0ms)
			ExecutionOrderSort2 (0ms)
			AwakeInstancesAfterBackupRestoration (5ms)
Platform modules already initialized, skipping
Refreshing native plugins compatible for Editor in 0.48 ms, found 2 plugins.
Preloading 0 native plugins for Editor in 0.00 ms.
Unloading 2102 Unused Serialized files (Serialized files now loaded: 0)
System memory in use before: 109.8 MB.
System memory in use after: 109.9 MB.

Unloading 29 unused Assets to reduce memory usage. Loaded Objects now: 2602.
Total: 2.393900 ms (FindLiveObjects: 0.123900 ms CreateObjectMapping: 0.039600 ms MarkObjects: 2.212200 ms  DeleteObjects: 0.017200 ms)

AssetImportParameters requested are different than current active one (requested -> active):
  custom:framework-win-MediaFoundation: 216162199b28c13a410421893ffa2e32 -> 
  custom:video-decoder-ogg-theora: a1e56fd34408186e4bbccfd4996cb3dc -> 
  custom:container-muxer-webm: aa71ff27fc2769a1b78a27578f13a17b -> 
  custom:container-demuxer-webm: 4f35f7cbe854078d1ac9338744f61a02 -> 
  custom:container-demuxer-ogg: 62fdf1f143b41e24485cea50d1cbac27 -> 
  custom:video-encoder-webm-vp8: eb34c28f22e8b96e1ab97ce403110664 -> 
  custom:video-decoder-webm-vp8: 9c59270c3fd7afecdb556c50c9e8de78 -> 
  custom:audio-decoder-ogg-vorbis: bf7c407c2cedff20999df2af8eb42d56 -> 
  custom:audio-encoder-webm-vorbis: bf7c407c2cedff20999df2af8eb42d56 -> 
========================================================================
Received Prepare
Registering precompiled user dll's ...
Registered in 0.003321 seconds.
Begin MonoManager ReloadAssembly
Native extension for WindowsStandalone target not found
Refreshing native plugins compatible for Editor in 0.56 ms, found 2 plugins.
Preloading 0 native plugins for Editor in 0.00 ms.
Mono: successfully reloaded assembly
- Completed reload, in  0.860 seconds
Domain Reload Profiling:
	ReloadAssembly (860ms)
		BeginReloadAssembly (101ms)
			ExecutionOrderSort (0ms)
			DisableScriptedObjects (3ms)
			BackupInstance (0ms)
			ReleaseScriptingObjects (0ms)
			CreateAndSetChildDomain (28ms)
		EndReloadAssembly (706ms)
			LoadAssemblies (78ms)
			RebuildTransferFunctionScriptingTraits (0ms)
			SetupTypeCache (227ms)
			ReleaseScriptCaches (1ms)
			RebuildScriptCaches (30ms)
			SetupLoadedEditorAssemblies (296ms)
				LogAssemblyErrors (0ms)
				InitializePlatformSupportModulesInManaged (4ms)
				SetLoadedEditorAssemblies (1ms)
				RefreshPlugins (1ms)
				BeforeProcessingInitializeOnLoad (72ms)
				ProcessInitializeOnLoadAttributes (203ms)
				ProcessInitializeOnLoadMethodAttributes (9ms)
				AfterProcessingInitializeOnLoad (7ms)
				EditorAssembliesLoaded (0ms)
			ExecutionOrderSort2 (0ms)
			AwakeInstancesAfterBackupRestoration (8ms)
Platform modules already initialized, skipping
Refreshing native plugins compatible for Editor in 0.65 ms, found 2 plugins.
Preloading 0 native plugins for Editor in 0.00 ms.
Unloading 2102 Unused Serialized files (Serialized files now loaded: 0)
System memory in use before: 109.9 MB.
System memory in use after: 110.0 MB.

Unloading 29 unused Assets to reduce memory usage. Loaded Objects now: 2604.
Total: 4.163500 ms (FindLiveObjects: 0.146300 ms CreateObjectMapping: 0.083300 ms MarkObjects: 3.902700 ms  DeleteObjects: 0.030000 ms)

AssetImportParameters requested are different than current active one (requested -> active):
  custom:framework-win-MediaFoundation: 216162199b28c13a410421893ffa2e32 -> 
  custom:video-decoder-ogg-theora: a1e56fd34408186e4bbccfd4996cb3dc -> 
  custom:container-muxer-webm: aa71ff27fc2769a1b78a27578f13a17b -> 
  custom:container-demuxer-webm: 4f35f7cbe854078d1ac9338744f61a02 -> 
  custom:container-demuxer-ogg: 62fdf1f143b41e24485cea50d1cbac27 -> 
  custom:video-encoder-webm-vp8: eb34c28f22e8b96e1ab97ce403110664 -> 
  custom:video-decoder-webm-vp8: 9c59270c3fd7afecdb556c50c9e8de78 -> 
  custom:audio-decoder-ogg-vorbis: bf7c407c2cedff20999df2af8eb42d56 -> 
  custom:audio-encoder-webm-vorbis: bf7c407c2cedff20999df2af8eb42d56 -> 
========================================================================
Received Import Request.
  Time since last request: 1071.255737 seconds.
  path: Assets/Player/Face_base.fbx
  artifactKey: Guid(ae83413746225aa4caa5c1eb1e1ec819) Importer(815301076,1909f56bfc062723c751e8b465ee728b)
Start importing Assets/Player/Face_base.fbx using Guid(ae83413746225aa4caa5c1eb1e1ec819) Importer(815301076,1909f56bfc062723c751e8b465ee728b)  -> (artifact id: '6d8fba168c85c58be02928975453f109') in 0.034289 seconds 
  Import took 0.045713 seconds .

========================================================================
Received Import Request.
  Time since last request: 114.915896 seconds.
  path: Assets/Player/Face_base.fbx
  artifactKey: Guid(ae83413746225aa4caa5c1eb1e1ec819) Importer(815301076,1909f56bfc062723c751e8b465ee728b)
Start importing Assets/Player/Face_base.fbx using Guid(ae83413746225aa4caa5c1eb1e1ec819) Importer(815301076,1909f56bfc062723c751e8b465ee728b)  -> (artifact id: 'ffa7a12577da2a97ce993bcef305e4eb') in 0.010841 seconds 
  Import took 0.013872 seconds .

========================================================================
Received Import Request.
  Time since last request: 32.507369 seconds.
  path: Assets/Player/Face_base.fbx
  artifactKey: Guid(ae83413746225aa4caa5c1eb1e1ec819) Importer(815301076,1909f56bfc062723c751e8b465ee728b)
Start importing Assets/Player/Face_base.fbx using Guid(ae83413746225aa4caa5c1eb1e1ec819) Importer(815301076,1909f56bfc062723c751e8b465ee728b)  -> (artifact id: '25724d8bf651d72585ecf268bc1d9367') in 0.013664 seconds 
  Import took 0.016564 seconds .

========================================================================
Received Import Request.
  Time since last request: 26.880520 seconds.
  path: Assets/Player/face-29-beard.png
  artifactKey: Guid(89797a71a5762dc4d9502dd1c0e3f015) Importer(815301076,1909f56bfc062723c751e8b465ee728b)
Start importing Assets/Player/face-29-beard.png using Guid(89797a71a5762dc4d9502dd1c0e3f015) Importer(815301076,1909f56bfc062723c751e8b465ee728b)  -> (artifact id: '0aabd59c29006216fd29f626ec397ac2') in 0.050737 seconds 
  Import took 0.053854 seconds .

========================================================================
Received Import Request.
  Time since last request: 13.081218 seconds.
  path: Assets/Player/face-0-lib.png
  artifactKey: Guid(41d4e9d928944ff4ab76a0d701e27a73) Importer(815301076,1909f56bfc062723c751e8b465ee728b)
Start importing Assets/Player/face-0-lib.png using Guid(41d4e9d928944ff4ab76a0d701e27a73) Importer(815301076,1909f56bfc062723c751e8b465ee728b)  -> (artifact id: '18527ca954d51372a4eaf2562ff024f7') in 0.024617 seconds 
  Import took 0.027548 seconds .

========================================================================
Received Import Request.
  Time since last request: 68.947186 seconds.
  path: Assets/Player/Face_base.fbx
  artifactKey: Guid(ae83413746225aa4caa5c1eb1e1ec819) Importer(815301076,1909f56bfc062723c751e8b465ee728b)
Start importing Assets/Player/Face_base.fbx using Guid(ae83413746225aa4caa5c1eb1e1ec819) Importer(815301076,1909f56bfc062723c751e8b465ee728b)  -> (artifact id: '384ee4c2cedc2a0026ed9d0d557eceb4') in 0.110472 seconds 
  Import took 0.114058 seconds .

========================================================================
Received Import Request.
  Time since last request: 7.187440 seconds.
  path: Assets/Player/Face_base.fbx
  artifactKey: Guid(ae83413746225aa4caa5c1eb1e1ec819) Importer(815301076,1909f56bfc062723c751e8b465ee728b)
Start importing Assets/Player/Face_base.fbx using Guid(ae83413746225aa4caa5c1eb1e1ec819) Importer(815301076,1909f56bfc062723c751e8b465ee728b)  -> (artifact id: 'bed99353e90095cdd7bf7617cea3cc33') in 0.084361 seconds 
  Import took 0.087417 seconds .

========================================================================
Received Import Request.
  Time since last request: 69.924314 seconds.
  path: Assets/Player/Face_base.fbx
  artifactKey: Guid(ae83413746225aa4caa5c1eb1e1ec819) Importer(815301076,1909f56bfc062723c751e8b465ee728b)
Start importing Assets/Player/Face_base.fbx using Guid(ae83413746225aa4caa5c1eb1e1ec819) Importer(815301076,1909f56bfc062723c751e8b465ee728b)  -> (artifact id: '0bac45fa29c1f4b6f5ba781c3f3e8e42') in 0.086492 seconds 
  Import took 0.089464 seconds .

========================================================================
Received Prepare
Registering precompiled user dll's ...
Registered in 0.004411 seconds.
Begin MonoManager ReloadAssembly
Native extension for WindowsStandalone target not found
Refreshing native plugins compatible for Editor in 0.45 ms, found 2 plugins.
Preloading 0 native plugins for Editor in 0.00 ms.
Mono: successfully reloaded assembly
- Completed reload, in  0.713 seconds
Domain Reload Profiling:
	ReloadAssembly (713ms)
		BeginReloadAssembly (90ms)
			ExecutionOrderSort (0ms)
			DisableScriptedObjects (3ms)
			BackupInstance (0ms)
			ReleaseScriptingObjects (0ms)
			CreateAndSetChildDomain (28ms)
		EndReloadAssembly (574ms)
			LoadAssemblies (67ms)
			RebuildTransferFunctionScriptingTraits (0ms)
			SetupTypeCache (185ms)
			ReleaseScriptCaches (1ms)
			RebuildScriptCaches (27ms)
			SetupLoadedEditorAssemblies (236ms)
				LogAssemblyErrors (0ms)
				InitializePlatformSupportModulesInManaged (3ms)
				SetLoadedEditorAssemblies (0ms)
				RefreshPlugins (1ms)
				BeforeProcessingInitializeOnLoad (52ms)
				ProcessInitializeOnLoadAttributes (168ms)
				ProcessInitializeOnLoadMethodAttributes (7ms)
				AfterProcessingInitializeOnLoad (5ms)
				EditorAssembliesLoaded (0ms)
			ExecutionOrderSort2 (0ms)
			AwakeInstancesAfterBackupRestoration (4ms)
Platform modules already initialized, skipping
Refreshing native plugins compatible for Editor in 0.50 ms, found 2 plugins.
Preloading 0 native plugins for Editor in 0.00 ms.
Unloading 2102 Unused Serialized files (Serialized files now loaded: 0)
System memory in use before: 110.1 MB.
System memory in use after: 110.2 MB.

Unloading 29 unused Assets to reduce memory usage. Loaded Objects now: 2609.
Total: 2.981100 ms (FindLiveObjects: 0.113000 ms CreateObjectMapping: 0.031100 ms MarkObjects: 2.803000 ms  DeleteObjects: 0.033200 ms)

AssetImportParameters requested are different than current active one (requested -> active):
  custom:framework-win-MediaFoundation: 216162199b28c13a410421893ffa2e32 -> 
  custom:video-decoder-ogg-theora: a1e56fd34408186e4bbccfd4996cb3dc -> 
  custom:container-muxer-webm: aa71ff27fc2769a1b78a27578f13a17b -> 
  custom:container-demuxer-webm: 4f35f7cbe854078d1ac9338744f61a02 -> 
  custom:container-demuxer-ogg: 62fdf1f143b41e24485cea50d1cbac27 -> 
  custom:video-encoder-webm-vp8: eb34c28f22e8b96e1ab97ce403110664 -> 
  custom:video-decoder-webm-vp8: 9c59270c3fd7afecdb556c50c9e8de78 -> 
  custom:audio-decoder-ogg-vorbis: bf7c407c2cedff20999df2af8eb42d56 -> 
  custom:audio-encoder-webm-vorbis: bf7c407c2cedff20999df2af8eb42d56 -> 
========================================================================
Received Import Request.
  Time since last request: 18.568034 seconds.
  path: Assets/Player/Face_base.fbx
  artifactKey: Guid(ae83413746225aa4caa5c1eb1e1ec819) Importer(815301076,1909f56bfc062723c751e8b465ee728b)
Start importing Assets/Player/Face_base.fbx using Guid(ae83413746225aa4caa5c1eb1e1ec819) Importer(815301076,1909f56bfc062723c751e8b465ee728b)  -> (artifact id: '6c27d4b63fe320295a48ac50df46ca1e') in 0.136852 seconds 
  Import took 0.139687 seconds .

========================================================================
Received Import Request.
  Time since last request: 36.300049 seconds.
  path: Assets/Player/Face_base.fbx
  artifactKey: Guid(ae83413746225aa4caa5c1eb1e1ec819) Importer(815301076,1909f56bfc062723c751e8b465ee728b)
Start importing Assets/Player/Face_base.fbx using Guid(ae83413746225aa4caa5c1eb1e1ec819) Importer(815301076,1909f56bfc062723c751e8b465ee728b)  -> (artifact id: 'dc9fa7baff45f4d8d9f01f715ae3329f') in 0.079606 seconds 
  Import took 0.082681 seconds .

========================================================================
Received Prepare
Registering precompiled user dll's ...
Registered in 0.003834 seconds.
Begin MonoManager ReloadAssembly
Native extension for WindowsStandalone target not found
Refreshing native plugins compatible for Editor in 0.86 ms, found 2 plugins.
Preloading 0 native plugins for Editor in 0.00 ms.
Mono: successfully reloaded assembly
- Completed reload, in  0.806 seconds
Domain Reload Profiling:
	ReloadAssembly (807ms)
		BeginReloadAssembly (90ms)
			ExecutionOrderSort (0ms)
			DisableScriptedObjects (3ms)
			BackupInstance (0ms)
			ReleaseScriptingObjects (0ms)
			CreateAndSetChildDomain (26ms)
		EndReloadAssembly (666ms)
			LoadAssemblies (74ms)
			RebuildTransferFunctionScriptingTraits (0ms)
			SetupTypeCache (222ms)
			ReleaseScriptCaches (1ms)
			RebuildScriptCaches (30ms)
			SetupLoadedEditorAssemblies (275ms)
				LogAssemblyErrors (0ms)
				InitializePlatformSupportModulesInManaged (3ms)
				SetLoadedEditorAssemblies (0ms)
				RefreshPlugins (1ms)
				BeforeProcessingInitializeOnLoad (67ms)
				ProcessInitializeOnLoadAttributes (189ms)
				ProcessInitializeOnLoadMethodAttributes (9ms)
				AfterProcessingInitializeOnLoad (5ms)
				EditorAssembliesLoaded (0ms)
			ExecutionOrderSort2 (0ms)
			AwakeInstancesAfterBackupRestoration (5ms)
Platform modules already initialized, skipping
Refreshing native plugins compatible for Editor in 0.49 ms, found 2 plugins.
Preloading 0 native plugins for Editor in 0.00 ms.
Unloading 2102 Unused Serialized files (Serialized files now loaded: 0)
System memory in use before: 110.1 MB.
System memory in use after: 110.2 MB.

Unloading 29 unused Assets to reduce memory usage. Loaded Objects now: 2612.
Total: 2.309100 ms (FindLiveObjects: 0.151400 ms CreateObjectMapping: 0.040900 ms MarkObjects: 2.099500 ms  DeleteObjects: 0.016300 ms)

AssetImportParameters requested are different than current active one (requested -> active):
  custom:framework-win-MediaFoundation: 216162199b28c13a410421893ffa2e32 -> 
  custom:video-decoder-ogg-theora: a1e56fd34408186e4bbccfd4996cb3dc -> 
  custom:container-muxer-webm: aa71ff27fc2769a1b78a27578f13a17b -> 
  custom:container-demuxer-webm: 4f35f7cbe854078d1ac9338744f61a02 -> 
  custom:container-demuxer-ogg: 62fdf1f143b41e24485cea50d1cbac27 -> 
  custom:video-encoder-webm-vp8: eb34c28f22e8b96e1ab97ce403110664 -> 
  custom:video-decoder-webm-vp8: 9c59270c3fd7afecdb556c50c9e8de78 -> 
  custom:audio-decoder-ogg-vorbis: bf7c407c2cedff20999df2af8eb42d56 -> 
  custom:audio-encoder-webm-vorbis: bf7c407c2cedff20999df2af8eb42d56 -> 
========================================================================
Received Import Request.
  Time since last request: 100.618074 seconds.
  path: Assets/Player/FaceCtrl.controller
  artifactKey: Guid(2d90a4503a4176549a1662acd164fcdf) Importer(815301076,1909f56bfc062723c751e8b465ee728b)
Start importing Assets/Player/FaceCtrl.controller using Guid(2d90a4503a4176549a1662acd164fcdf) Importer(815301076,1909f56bfc062723c751e8b465ee728b)  -> (artifact id: '6fe720844e26f2b5e422f43d973311c2') in 0.020339 seconds 
  Import took 0.023667 seconds .

========================================================================
Received Prepare
Registering precompiled user dll's ...
Registered in 0.003794 seconds.
Begin MonoManager ReloadAssembly
Native extension for WindowsStandalone target not found
Refreshing native plugins compatible for Editor in 0.48 ms, found 2 plugins.
Preloading 0 native plugins for Editor in 0.00 ms.
Mono: successfully reloaded assembly
- Completed reload, in  0.792 seconds
Domain Reload Profiling:
	ReloadAssembly (793ms)
		BeginReloadAssembly (98ms)
			ExecutionOrderSort (0ms)
			DisableScriptedObjects (3ms)
			BackupInstance (0ms)
			ReleaseScriptingObjects (0ms)
			CreateAndSetChildDomain (26ms)
		EndReloadAssembly (641ms)
			LoadAssemblies (73ms)
			RebuildTransferFunctionScriptingTraits (0ms)
			SetupTypeCache (215ms)
			ReleaseScriptCaches (1ms)
			RebuildScriptCaches (31ms)
			SetupLoadedEditorAssemblies (247ms)
				LogAssemblyErrors (0ms)
				InitializePlatformSupportModulesInManaged (3ms)
				SetLoadedEditorAssemblies (0ms)
				RefreshPlugins (1ms)
				BeforeProcessingInitializeOnLoad (58ms)
				ProcessInitializeOnLoadAttributes (173ms)
				ProcessInitializeOnLoadMethodAttributes (7ms)
				AfterProcessingInitializeOnLoad (5ms)
				EditorAssembliesLoaded (0ms)
			ExecutionOrderSort2 (0ms)
			AwakeInstancesAfterBackupRestoration (5ms)
Platform modules already initialized, skipping
Refreshing native plugins compatible for Editor in 0.50 ms, found 2 plugins.
Preloading 0 native plugins for Editor in 0.00 ms.
Unloading 2102 Unused Serialized files (Serialized files now loaded: 0)
System memory in use before: 110.1 MB.
System memory in use after: 110.2 MB.

Unloading 29 unused Assets to reduce memory usage. Loaded Objects now: 2614.
Total: 2.645700 ms (FindLiveObjects: 0.155900 ms CreateObjectMapping: 0.040900 ms MarkObjects: 2.426200 ms  DeleteObjects: 0.021400 ms)

AssetImportParameters requested are different than current active one (requested -> active):
  custom:framework-win-MediaFoundation: 216162199b28c13a410421893ffa2e32 -> 
  custom:video-decoder-ogg-theora: a1e56fd34408186e4bbccfd4996cb3dc -> 
  custom:container-muxer-webm: aa71ff27fc2769a1b78a27578f13a17b -> 
  custom:container-demuxer-webm: 4f35f7cbe854078d1ac9338744f61a02 -> 
  custom:container-demuxer-ogg: 62fdf1f143b41e24485cea50d1cbac27 -> 
  custom:video-encoder-webm-vp8: eb34c28f22e8b96e1ab97ce403110664 -> 
  custom:video-decoder-webm-vp8: 9c59270c3fd7afecdb556c50c9e8de78 -> 
  custom:audio-decoder-ogg-vorbis: bf7c407c2cedff20999df2af8eb42d56 -> 
  custom:audio-encoder-webm-vorbis: bf7c407c2cedff20999df2af8eb42d56 -> 
========================================================================
Received Prepare
Registering precompiled user dll's ...
Registered in 0.004186 seconds.
Begin MonoManager ReloadAssembly
Native extension for WindowsStandalone target not found
Refreshing native plugins compatible for Editor in 0.47 ms, found 2 plugins.
Preloading 0 native plugins for Editor in 0.00 ms.
Mono: successfully reloaded assembly
- Completed reload, in  0.754 seconds
Domain Reload Profiling:
	ReloadAssembly (754ms)
		BeginReloadAssembly (86ms)
			ExecutionOrderSort (0ms)
			DisableScriptedObjects (3ms)
			BackupInstance (0ms)
			ReleaseScriptingObjects (0ms)
			CreateAndSetChildDomain (24ms)
		EndReloadAssembly (625ms)
			LoadAssemblies (66ms)
			RebuildTransferFunctionScriptingTraits (0ms)
			SetupTypeCache (200ms)
			ReleaseScriptCaches (1ms)
			RebuildScriptCaches (27ms)
			SetupLoadedEditorAssemblies (266ms)
				LogAssemblyErrors (0ms)
				InitializePlatformSupportModulesInManaged (3ms)
				SetLoadedEditorAssemblies (0ms)
				RefreshPlugins (1ms)
				BeforeProcessingInitializeOnLoad (59ms)
				ProcessInitializeOnLoadAttributes (187ms)
				ProcessInitializeOnLoadMethodAttributes (9ms)
				AfterProcessingInitializeOnLoad (6ms)
				EditorAssembliesLoaded (0ms)
			ExecutionOrderSort2 (0ms)
			AwakeInstancesAfterBackupRestoration (6ms)
Platform modules already initialized, skipping
Refreshing native plugins compatible for Editor in 0.50 ms, found 2 plugins.
Preloading 0 native plugins for Editor in 0.00 ms.
Unloading 2102 Unused Serialized files (Serialized files now loaded: 0)
System memory in use before: 110.0 MB.
System memory in use after: 110.1 MB.

Unloading 29 unused Assets to reduce memory usage. Loaded Objects now: 2616.
Total: 2.324700 ms (FindLiveObjects: 0.127800 ms CreateObjectMapping: 0.046500 ms MarkObjects: 2.131200 ms  DeleteObjects: 0.018200 ms)

AssetImportParameters requested are different than current active one (requested -> active):
  custom:framework-win-MediaFoundation: 216162199b28c13a410421893ffa2e32 -> 
  custom:video-decoder-ogg-theora: a1e56fd34408186e4bbccfd4996cb3dc -> 
  custom:container-muxer-webm: aa71ff27fc2769a1b78a27578f13a17b -> 
  custom:container-demuxer-webm: 4f35f7cbe854078d1ac9338744f61a02 -> 
  custom:container-demuxer-ogg: 62fdf1f143b41e24485cea50d1cbac27 -> 
  custom:video-encoder-webm-vp8: eb34c28f22e8b96e1ab97ce403110664 -> 
  custom:video-decoder-webm-vp8: 9c59270c3fd7afecdb556c50c9e8de78 -> 
  custom:audio-decoder-ogg-vorbis: bf7c407c2cedff20999df2af8eb42d56 -> 
  custom:audio-encoder-webm-vorbis: bf7c407c2cedff20999df2af8eb42d56 -> 
========================================================================
Received Import Request.
  Time since last request: 553.840229 seconds.
  path: Assets/Player/Face_base.fbx
  artifactKey: Guid(ae83413746225aa4caa5c1eb1e1ec819) Importer(815301076,1909f56bfc062723c751e8b465ee728b)
Start importing Assets/Player/Face_base.fbx using Guid(ae83413746225aa4caa5c1eb1e1ec819) Importer(815301076,1909f56bfc062723c751e8b465ee728b)  -> (artifact id: 'c48a871017eadca369fcaae23da09997') in 0.141808 seconds 
  Import took 0.144895 seconds .

========================================================================
Received Prepare
Registering precompiled user dll's ...
Registered in 0.004225 seconds.
Begin MonoManager ReloadAssembly
Native extension for WindowsStandalone target not found
Refreshing native plugins compatible for Editor in 0.50 ms, found 2 plugins.
Preloading 0 native plugins for Editor in 0.00 ms.
Mono: successfully reloaded assembly
- Completed reload, in  0.765 seconds
Domain Reload Profiling:
	ReloadAssembly (766ms)
		BeginReloadAssembly (96ms)
			ExecutionOrderSort (0ms)
			DisableScriptedObjects (3ms)
			BackupInstance (0ms)
			ReleaseScriptingObjects (0ms)
			CreateAndSetChildDomain (25ms)
		EndReloadAssembly (622ms)
			LoadAssemblies (71ms)
			RebuildTransferFunctionScriptingTraits (0ms)
			SetupTypeCache (200ms)
			ReleaseScriptCaches (1ms)
			RebuildScriptCaches (30ms)
			SetupLoadedEditorAssemblies (253ms)
				LogAssemblyErrors (0ms)
				InitializePlatformSupportModulesInManaged (3ms)
				SetLoadedEditorAssemblies (0ms)
				RefreshPlugins (1ms)
				BeforeProcessingInitializeOnLoad (58ms)
				ProcessInitializeOnLoadAttributes (177ms)
				ProcessInitializeOnLoadMethodAttributes (8ms)
				AfterProcessingInitializeOnLoad (5ms)
				EditorAssembliesLoaded (0ms)
			ExecutionOrderSort2 (0ms)
			AwakeInstancesAfterBackupRestoration (5ms)
Platform modules already initialized, skipping
Refreshing native plugins compatible for Editor in 0.49 ms, found 2 plugins.
Preloading 0 native plugins for Editor in 0.00 ms.
Unloading 2102 Unused Serialized files (Serialized files now loaded: 0)
System memory in use before: 110.0 MB.
System memory in use after: 110.1 MB.

Unloading 29 unused Assets to reduce memory usage. Loaded Objects now: 2619.
Total: 2.517800 ms (FindLiveObjects: 0.121300 ms CreateObjectMapping: 0.044900 ms MarkObjects: 2.335200 ms  DeleteObjects: 0.015500 ms)

AssetImportParameters requested are different than current active one (requested -> active):
  custom:framework-win-MediaFoundation: 216162199b28c13a410421893ffa2e32 -> 
  custom:video-decoder-ogg-theora: a1e56fd34408186e4bbccfd4996cb3dc -> 
  custom:container-muxer-webm: aa71ff27fc2769a1b78a27578f13a17b -> 
  custom:container-demuxer-webm: 4f35f7cbe854078d1ac9338744f61a02 -> 
  custom:container-demuxer-ogg: 62fdf1f143b41e24485cea50d1cbac27 -> 
  custom:video-encoder-webm-vp8: eb34c28f22e8b96e1ab97ce403110664 -> 
  custom:video-decoder-webm-vp8: 9c59270c3fd7afecdb556c50c9e8de78 -> 
  custom:audio-decoder-ogg-vorbis: bf7c407c2cedff20999df2af8eb42d56 -> 
  custom:audio-encoder-webm-vorbis: bf7c407c2cedff20999df2af8eb42d56 -> 
========================================================================
Received Import Request.
  Time since last request: 20.805072 seconds.
  path: Assets/Player/Face_base.fbx
  artifactKey: Guid(ae83413746225aa4caa5c1eb1e1ec819) Importer(815301076,1909f56bfc062723c751e8b465ee728b)
Start importing Assets/Player/Face_base.fbx using Guid(ae83413746225aa4caa5c1eb1e1ec819) Importer(815301076,1909f56bfc062723c751e8b465ee728b)  -> (artifact id: 'bc1c929b654836e477fa0182351968e3') in 0.129307 seconds 
  Import took 0.132350 seconds .

========================================================================
Received Import Request.
  Time since last request: 5.413397 seconds.
  path: Assets/Player/Face_base.fbx
  artifactKey: Guid(ae83413746225aa4caa5c1eb1e1ec819) Importer(815301076,1909f56bfc062723c751e8b465ee728b)
Start importing Assets/Player/Face_base.fbx using Guid(ae83413746225aa4caa5c1eb1e1ec819) Importer(815301076,1909f56bfc062723c751e8b465ee728b)  -> (artifact id: '76e6d7613540f9959852c6ff277267ff') in 0.080572 seconds 
  Import took 0.083647 seconds .

========================================================================
Received Prepare
Registering precompiled user dll's ...
Registered in 0.004245 seconds.
Begin MonoManager ReloadAssembly
Native extension for WindowsStandalone target not found
Refreshing native plugins compatible for Editor in 0.47 ms, found 2 plugins.
Preloading 0 native plugins for Editor in 0.00 ms.
Mono: successfully reloaded assembly
- Completed reload, in  0.754 seconds
Domain Reload Profiling:
	ReloadAssembly (754ms)
		BeginReloadAssembly (91ms)
			ExecutionOrderSort (0ms)
			DisableScriptedObjects (3ms)
			BackupInstance (0ms)
			ReleaseScriptingObjects (0ms)
			CreateAndSetChildDomain (25ms)
		EndReloadAssembly (618ms)
			LoadAssemblies (70ms)
			RebuildTransferFunctionScriptingTraits (0ms)
			SetupTypeCache (204ms)
			ReleaseScriptCaches (1ms)
			RebuildScriptCaches (27ms)
			SetupLoadedEditorAssemblies (251ms)
				LogAssemblyErrors (0ms)
				InitializePlatformSupportModulesInManaged (3ms)
				SetLoadedEditorAssemblies (0ms)
				RefreshPlugins (1ms)
				BeforeProcessingInitializeOnLoad (51ms)
				ProcessInitializeOnLoadAttributes (182ms)
				ProcessInitializeOnLoadMethodAttributes (9ms)
				AfterProcessingInitializeOnLoad (5ms)
				EditorAssembliesLoaded (0ms)
			ExecutionOrderSort2 (0ms)
			AwakeInstancesAfterBackupRestoration (6ms)
Platform modules already initialized, skipping
Refreshing native plugins compatible for Editor in 0.50 ms, found 2 plugins.
Preloading 0 native plugins for Editor in 0.00 ms.
Unloading 2102 Unused Serialized files (Serialized files now loaded: 0)
System memory in use before: 110.0 MB.
System memory in use after: 110.2 MB.

Unloading 29 unused Assets to reduce memory usage. Loaded Objects now: 2622.
Total: 2.285300 ms (FindLiveObjects: 0.118100 ms CreateObjectMapping: 0.039000 ms MarkObjects: 2.109900 ms  DeleteObjects: 0.017100 ms)

AssetImportParameters requested are different than current active one (requested -> active):
  custom:framework-win-MediaFoundation: 216162199b28c13a410421893ffa2e32 -> 
  custom:video-decoder-ogg-theora: a1e56fd34408186e4bbccfd4996cb3dc -> 
  custom:container-muxer-webm: aa71ff27fc2769a1b78a27578f13a17b -> 
  custom:container-demuxer-webm: 4f35f7cbe854078d1ac9338744f61a02 -> 
  custom:container-demuxer-ogg: 62fdf1f143b41e24485cea50d1cbac27 -> 
  custom:video-encoder-webm-vp8: eb34c28f22e8b96e1ab97ce403110664 -> 
  custom:video-decoder-webm-vp8: 9c59270c3fd7afecdb556c50c9e8de78 -> 
  custom:audio-decoder-ogg-vorbis: bf7c407c2cedff20999df2af8eb42d56 -> 
  custom:audio-encoder-webm-vorbis: bf7c407c2cedff20999df2af8eb42d56 -> 
========================================================================
Received Import Request.
  Time since last request: 22.030374 seconds.
  path: Assets/Player/Face_base.fbx
  artifactKey: Guid(ae83413746225aa4caa5c1eb1e1ec819) Importer(815301076,1909f56bfc062723c751e8b465ee728b)
Start importing Assets/Player/Face_base.fbx using Guid(ae83413746225aa4caa5c1eb1e1ec819) Importer(815301076,1909f56bfc062723c751e8b465ee728b)  -> (artifact id: '0e0582f1e0e9d7944305629dbaeffb68') in 0.131221 seconds 
  Import took 0.134411 seconds .

========================================================================
Received Prepare
Registering precompiled user dll's ...
Registered in 0.004022 seconds.
Begin MonoManager ReloadAssembly
Native extension for WindowsStandalone target not found
Refreshing native plugins compatible for Editor in 0.48 ms, found 2 plugins.
Preloading 0 native plugins for Editor in 0.00 ms.
Mono: successfully reloaded assembly
- Completed reload, in  0.764 seconds
Domain Reload Profiling:
	ReloadAssembly (764ms)
		BeginReloadAssembly (82ms)
			ExecutionOrderSort (0ms)
			DisableScriptedObjects (2ms)
			BackupInstance (0ms)
			ReleaseScriptingObjects (0ms)
			CreateAndSetChildDomain (23ms)
		EndReloadAssembly (636ms)
			LoadAssemblies (68ms)
			RebuildTransferFunctionScriptingTraits (0ms)
			SetupTypeCache (207ms)
			ReleaseScriptCaches (1ms)
			RebuildScriptCaches (28ms)
			SetupLoadedEditorAssemblies (264ms)
				LogAssemblyErrors (0ms)
				InitializePlatformSupportModulesInManaged (3ms)
				SetLoadedEditorAssemblies (0ms)
				RefreshPlugins (1ms)
				BeforeProcessingInitializeOnLoad (60ms)
				ProcessInitializeOnLoadAttributes (186ms)
				ProcessInitializeOnLoadMethodAttributes (9ms)
				AfterProcessingInitializeOnLoad (5ms)
				EditorAssembliesLoaded (0ms)
			ExecutionOrderSort2 (0ms)
			AwakeInstancesAfterBackupRestoration (5ms)
Platform modules already initialized, skipping
Refreshing native plugins compatible for Editor in 0.50 ms, found 2 plugins.
Preloading 0 native plugins for Editor in 0.00 ms.
Unloading 2102 Unused Serialized files (Serialized files now loaded: 0)
System memory in use before: 110.1 MB.
System memory in use after: 110.2 MB.

Unloading 29 unused Assets to reduce memory usage. Loaded Objects now: 2625.
Total: 2.309300 ms (FindLiveObjects: 0.124100 ms CreateObjectMapping: 0.039900 ms MarkObjects: 2.127800 ms  DeleteObjects: 0.016500 ms)

AssetImportParameters requested are different than current active one (requested -> active):
  custom:framework-win-MediaFoundation: 216162199b28c13a410421893ffa2e32 -> 
  custom:video-decoder-ogg-theora: a1e56fd34408186e4bbccfd4996cb3dc -> 
  custom:container-muxer-webm: aa71ff27fc2769a1b78a27578f13a17b -> 
  custom:container-demuxer-webm: 4f35f7cbe854078d1ac9338744f61a02 -> 
  custom:container-demuxer-ogg: 62fdf1f143b41e24485cea50d1cbac27 -> 
  custom:video-encoder-webm-vp8: eb34c28f22e8b96e1ab97ce403110664 -> 
  custom:video-decoder-webm-vp8: 9c59270c3fd7afecdb556c50c9e8de78 -> 
  custom:audio-decoder-ogg-vorbis: bf7c407c2cedff20999df2af8eb42d56 -> 
  custom:audio-encoder-webm-vorbis: bf7c407c2cedff20999df2af8eb42d56 -> 
========================================================================
Received Import Request.
  Time since last request: 79.346727 seconds.
  path: Assets/Player/Face_base.fbx
  artifactKey: Guid(ae83413746225aa4caa5c1eb1e1ec819) Importer(815301076,1909f56bfc062723c751e8b465ee728b)
Start importing Assets/Player/Face_base.fbx using Guid(ae83413746225aa4caa5c1eb1e1ec819) Importer(815301076,1909f56bfc062723c751e8b465ee728b)  -> (artifact id: 'aaeb9f634bd2fd58aae16630d702183f') in 0.131650 seconds 
  Import took 0.134913 seconds .

========================================================================
Received Prepare
Registering precompiled user dll's ...
Registered in 0.004170 seconds.
Begin MonoManager ReloadAssembly
Native extension for WindowsStandalone target not found
Refreshing native plugins compatible for Editor in 0.44 ms, found 2 plugins.
Preloading 0 native plugins for Editor in 0.00 ms.
Mono: successfully reloaded assembly
- Completed reload, in  0.762 seconds
Domain Reload Profiling:
	ReloadAssembly (763ms)
		BeginReloadAssembly (98ms)
			ExecutionOrderSort (0ms)
			DisableScriptedObjects (3ms)
			BackupInstance (0ms)
			ReleaseScriptingObjects (0ms)
			CreateAndSetChildDomain (25ms)
		EndReloadAssembly (606ms)
			LoadAssemblies (74ms)
			RebuildTransferFunctionScriptingTraits (0ms)
			SetupTypeCache (202ms)
			ReleaseScriptCaches (1ms)
			RebuildScriptCaches (26ms)
			SetupLoadedEditorAssemblies (238ms)
				LogAssemblyErrors (0ms)
				InitializePlatformSupportModulesInManaged (3ms)
				SetLoadedEditorAssemblies (0ms)
				RefreshPlugins (0ms)
				BeforeProcessingInitializeOnLoad (58ms)
				ProcessInitializeOnLoadAttributes (164ms)
				ProcessInitializeOnLoadMethodAttributes (7ms)
				AfterProcessingInitializeOnLoad (5ms)
				EditorAssembliesLoaded (0ms)
			ExecutionOrderSort2 (0ms)
			AwakeInstancesAfterBackupRestoration (6ms)
Platform modules already initialized, skipping
Refreshing native plugins compatible for Editor in 0.50 ms, found 2 plugins.
Preloading 0 native plugins for Editor in 0.00 ms.
Unloading 2102 Unused Serialized files (Serialized files now loaded: 0)
System memory in use before: 110.1 MB.
System memory in use after: 110.2 MB.

Unloading 29 unused Assets to reduce memory usage. Loaded Objects now: 2628.
Total: 2.388100 ms (FindLiveObjects: 0.118000 ms CreateObjectMapping: 0.041300 ms MarkObjects: 2.211900 ms  DeleteObjects: 0.015700 ms)

AssetImportParameters requested are different than current active one (requested -> active):
  custom:framework-win-MediaFoundation: 216162199b28c13a410421893ffa2e32 -> 
  custom:video-decoder-ogg-theora: a1e56fd34408186e4bbccfd4996cb3dc -> 
  custom:container-muxer-webm: aa71ff27fc2769a1b78a27578f13a17b -> 
  custom:container-demuxer-webm: 4f35f7cbe854078d1ac9338744f61a02 -> 
  custom:container-demuxer-ogg: 62fdf1f143b41e24485cea50d1cbac27 -> 
  custom:video-encoder-webm-vp8: eb34c28f22e8b96e1ab97ce403110664 -> 
  custom:video-decoder-webm-vp8: 9c59270c3fd7afecdb556c50c9e8de78 -> 
  custom:audio-decoder-ogg-vorbis: bf7c407c2cedff20999df2af8eb42d56 -> 
  custom:audio-encoder-webm-vorbis: bf7c407c2cedff20999df2af8eb42d56 -> 
========================================================================
Received Import Request.
  Time since last request: 56.604447 seconds.
  path: Assets/Player/Face_base.fbx
  artifactKey: Guid(ae83413746225aa4caa5c1eb1e1ec819) Importer(815301076,1909f56bfc062723c751e8b465ee728b)
Start importing Assets/Player/Face_base.fbx using Guid(ae83413746225aa4caa5c1eb1e1ec819) Importer(815301076,1909f56bfc062723c751e8b465ee728b)  -> (artifact id: '72146f8e88267ab00cc2bcde74530830') in 0.132181 seconds 
  Import took 0.135088 seconds .

========================================================================
Received Prepare
Registering precompiled user dll's ...
Registered in 0.003577 seconds.
Begin MonoManager ReloadAssembly
Native extension for WindowsStandalone target not found
Refreshing native plugins compatible for Editor in 0.48 ms, found 2 plugins.
Preloading 0 native plugins for Editor in 0.00 ms.
Mono: successfully reloaded assembly
- Completed reload, in  0.749 seconds
Domain Reload Profiling:
	ReloadAssembly (749ms)
		BeginReloadAssembly (97ms)
			ExecutionOrderSort (0ms)
			DisableScriptedObjects (3ms)
			BackupInstance (0ms)
			ReleaseScriptingObjects (0ms)
			CreateAndSetChildDomain (25ms)
		EndReloadAssembly (603ms)
			LoadAssemblies (73ms)
			RebuildTransferFunctionScriptingTraits (0ms)
			SetupTypeCache (202ms)
			ReleaseScriptCaches (1ms)
			RebuildScriptCaches (27ms)
			SetupLoadedEditorAssemblies (241ms)
				LogAssemblyErrors (0ms)
				InitializePlatformSupportModulesInManaged (3ms)
				SetLoadedEditorAssemblies (0ms)
				RefreshPlugins (1ms)
				BeforeProcessingInitializeOnLoad (55ms)
				ProcessInitializeOnLoadAttributes (169ms)
				ProcessInitializeOnLoadMethodAttributes (7ms)
				AfterProcessingInitializeOnLoad (5ms)
				EditorAssembliesLoaded (0ms)
			ExecutionOrderSort2 (0ms)
			AwakeInstancesAfterBackupRestoration (4ms)
Platform modules already initialized, skipping
Refreshing native plugins compatible for Editor in 0.53 ms, found 2 plugins.
Preloading 0 native plugins for Editor in 0.00 ms.
Unloading 2102 Unused Serialized files (Serialized files now loaded: 0)
System memory in use before: 110.2 MB.
System memory in use after: 110.3 MB.

Unloading 29 unused Assets to reduce memory usage. Loaded Objects now: 2631.
Total: 2.539700 ms (FindLiveObjects: 0.179100 ms CreateObjectMapping: 0.051300 ms MarkObjects: 2.288500 ms  DeleteObjects: 0.019400 ms)

AssetImportParameters requested are different than current active one (requested -> active):
  custom:framework-win-MediaFoundation: 216162199b28c13a410421893ffa2e32 -> 
  custom:video-decoder-ogg-theora: a1e56fd34408186e4bbccfd4996cb3dc -> 
  custom:container-muxer-webm: aa71ff27fc2769a1b78a27578f13a17b -> 
  custom:container-demuxer-webm: 4f35f7cbe854078d1ac9338744f61a02 -> 
  custom:container-demuxer-ogg: 62fdf1f143b41e24485cea50d1cbac27 -> 
  custom:video-encoder-webm-vp8: eb34c28f22e8b96e1ab97ce403110664 -> 
  custom:video-decoder-webm-vp8: 9c59270c3fd7afecdb556c50c9e8de78 -> 
  custom:audio-decoder-ogg-vorbis: bf7c407c2cedff20999df2af8eb42d56 -> 
  custom:audio-encoder-webm-vorbis: bf7c407c2cedff20999df2af8eb42d56 -> 
========================================================================
Received Prepare
Registering precompiled user dll's ...
Registered in 0.003649 seconds.
Begin MonoManager ReloadAssembly
Native extension for WindowsStandalone target not found
Refreshing native plugins compatible for Editor in 0.44 ms, found 2 plugins.
Preloading 0 native plugins for Editor in 0.00 ms.
Mono: successfully reloaded assembly
- Completed reload, in  0.711 seconds
Domain Reload Profiling:
	ReloadAssembly (712ms)
		BeginReloadAssembly (81ms)
			ExecutionOrderSort (0ms)
			DisableScriptedObjects (3ms)
			BackupInstance (0ms)
			ReleaseScriptingObjects (0ms)
			CreateAndSetChildDomain (23ms)
		EndReloadAssembly (589ms)
			LoadAssemblies (65ms)
			RebuildTransferFunctionScriptingTraits (0ms)
			SetupTypeCache (192ms)
			ReleaseScriptCaches (1ms)
			RebuildScriptCaches (34ms)
			SetupLoadedEditorAssemblies (230ms)
				LogAssemblyErrors (0ms)
				InitializePlatformSupportModulesInManaged (3ms)
				SetLoadedEditorAssemblies (0ms)
				RefreshPlugins (0ms)
				BeforeProcessingInitializeOnLoad (52ms)
				ProcessInitializeOnLoadAttributes (162ms)
				ProcessInitializeOnLoadMethodAttributes (7ms)
				AfterProcessingInitializeOnLoad (5ms)
				EditorAssembliesLoaded (0ms)
			ExecutionOrderSort2 (0ms)
			AwakeInstancesAfterBackupRestoration (4ms)
Platform modules already initialized, skipping
Refreshing native plugins compatible for Editor in 0.46 ms, found 2 plugins.
Preloading 0 native plugins for Editor in 0.00 ms.
Unloading 2102 Unused Serialized files (Serialized files now loaded: 0)
System memory in use before: 110.2 MB.
System memory in use after: 110.3 MB.

Unloading 29 unused Assets to reduce memory usage. Loaded Objects now: 2633.
Total: 2.179900 ms (FindLiveObjects: 0.140900 ms CreateObjectMapping: 0.044600 ms MarkObjects: 1.978800 ms  DeleteObjects: 0.014800 ms)

AssetImportParameters requested are different than current active one (requested -> active):
  custom:framework-win-MediaFoundation: 216162199b28c13a410421893ffa2e32 -> 
  custom:video-decoder-ogg-theora: a1e56fd34408186e4bbccfd4996cb3dc -> 
  custom:container-muxer-webm: aa71ff27fc2769a1b78a27578f13a17b -> 
  custom:container-demuxer-webm: 4f35f7cbe854078d1ac9338744f61a02 -> 
  custom:container-demuxer-ogg: 62fdf1f143b41e24485cea50d1cbac27 -> 
  custom:video-encoder-webm-vp8: eb34c28f22e8b96e1ab97ce403110664 -> 
  custom:video-decoder-webm-vp8: 9c59270c3fd7afecdb556c50c9e8de78 -> 
  custom:audio-decoder-ogg-vorbis: bf7c407c2cedff20999df2af8eb42d56 -> 
  custom:audio-encoder-webm-vorbis: bf7c407c2cedff20999df2af8eb42d56 -> 
========================================================================
Received Import Request.
  Time since last request: 481.150943 seconds.
  path: Assets/StarterAssets/ThirdPersonController/Prefabs/PlayerArmature.prefab
  artifactKey: Guid(64dce48905ffd9b4293e595fa6941544) Importer(815301076,1909f56bfc062723c751e8b465ee728b)
Start importing Assets/StarterAssets/ThirdPersonController/Prefabs/PlayerArmature.prefab using Guid(64dce48905ffd9b4293e595fa6941544) Importer(815301076,1909f56bfc062723c751e8b465ee728b)  -> (artifact id: '0f9d62b4d089858cda57d812902562b5') in 0.098556 seconds 
  Import took 0.102683 seconds .

========================================================================
Received Import Request.
  Time since last request: 4.833139 seconds.
  path: Assets/StarterAssets/ThirdPersonController/Scripts
  artifactKey: Guid(22db1f6f78cfb3440835ed6dee5f8e9e) Importer(815301076,1909f56bfc062723c751e8b465ee728b)
Start importing Assets/StarterAssets/ThirdPersonController/Scripts using Guid(22db1f6f78cfb3440835ed6dee5f8e9e) Importer(815301076,1909f56bfc062723c751e8b465ee728b)  -> (artifact id: '98965477280ccf5c08c46d0f3e471f61') in 0.016550 seconds 
  Import took 0.019449 seconds .

========================================================================
Received Import Request.
  Time since last request: 0.565606 seconds.
  path: Assets/StarterAssets/ThirdPersonController/Scenes
  artifactKey: Guid(89e5f9b6a0fcdae4e8ccb4b461925e8c) Importer(815301076,1909f56bfc062723c751e8b465ee728b)
Start importing Assets/StarterAssets/ThirdPersonController/Scenes using Guid(89e5f9b6a0fcdae4e8ccb4b461925e8c) Importer(815301076,1909f56bfc062723c751e8b465ee728b)  -> (artifact id: '66160e98a040a5a40bed15927db5fc74') in 0.018332 seconds 
  Import took 0.021156 seconds .

========================================================================
Received Prepare
Registering precompiled user dll's ...
Registered in 0.004406 seconds.
Begin MonoManager ReloadAssembly
Native extension for WindowsStandalone target not found
Refreshing native plugins compatible for Editor in 0.48 ms, found 2 plugins.
Preloading 0 native plugins for Editor in 0.00 ms.
Mono: successfully reloaded assembly
- Completed reload, in  0.950 seconds
Domain Reload Profiling:
	ReloadAssembly (951ms)
		BeginReloadAssembly (150ms)
			ExecutionOrderSort (0ms)
			DisableScriptedObjects (4ms)
			BackupInstance (0ms)
			ReleaseScriptingObjects (0ms)
			CreateAndSetChildDomain (46ms)
		EndReloadAssembly (712ms)
			LoadAssemblies (129ms)
			RebuildTransferFunctionScriptingTraits (0ms)
			SetupTypeCache (256ms)
			ReleaseScriptCaches (1ms)
			RebuildScriptCaches (39ms)
			SetupLoadedEditorAssemblies (241ms)
				LogAssemblyErrors (0ms)
				InitializePlatformSupportModulesInManaged (3ms)
				SetLoadedEditorAssemblies (0ms)
				RefreshPlugins (1ms)
				BeforeProcessingInitializeOnLoad (52ms)
				ProcessInitializeOnLoadAttributes (169ms)
				ProcessInitializeOnLoadMethodAttributes (10ms)
				AfterProcessingInitializeOnLoad (6ms)
				EditorAssembliesLoaded (0ms)
			ExecutionOrderSort2 (0ms)
			AwakeInstancesAfterBackupRestoration (5ms)
Platform modules already initialized, skipping
Refreshing native plugins compatible for Editor in 0.48 ms, found 2 plugins.
Preloading 0 native plugins for Editor in 0.00 ms.
Unloading 2102 Unused Serialized files (Serialized files now loaded: 0)
System memory in use before: 110.4 MB.
System memory in use after: 110.6 MB.

Unloading 29 unused Assets to reduce memory usage. Loaded Objects now: 2636.
Total: 2.617800 ms (FindLiveObjects: 0.123800 ms CreateObjectMapping: 0.038600 ms MarkObjects: 2.437300 ms  DeleteObjects: 0.016800 ms)

AssetImportParameters requested are different than current active one (requested -> active):
  custom:framework-win-MediaFoundation: 216162199b28c13a410421893ffa2e32 -> 
  custom:video-decoder-ogg-theora: a1e56fd34408186e4bbccfd4996cb3dc -> 
  custom:container-muxer-webm: aa71ff27fc2769a1b78a27578f13a17b -> 
  custom:container-demuxer-webm: 4f35f7cbe854078d1ac9338744f61a02 -> 
  custom:container-demuxer-ogg: 62fdf1f143b41e24485cea50d1cbac27 -> 
  custom:video-encoder-webm-vp8: eb34c28f22e8b96e1ab97ce403110664 -> 
  custom:video-decoder-webm-vp8: 9c59270c3fd7afecdb556c50c9e8de78 -> 
  custom:audio-decoder-ogg-vorbis: bf7c407c2cedff20999df2af8eb42d56 -> 
  custom:audio-encoder-webm-vorbis: bf7c407c2cedff20999df2af8eb42d56 -> 
========================================================================
Received Prepare
Registering precompiled user dll's ...
Registered in 0.004714 seconds.
Begin MonoManager ReloadAssembly
Native extension for WindowsStandalone target not found
Refreshing native plugins compatible for Editor in 0.47 ms, found 2 plugins.
Preloading 0 native plugins for Editor in 0.00 ms.
Mono: successfully reloaded assembly
- Completed reload, in  0.769 seconds
Domain Reload Profiling:
	ReloadAssembly (769ms)
		BeginReloadAssembly (96ms)
			ExecutionOrderSort (0ms)
			DisableScriptedObjects (3ms)
			BackupInstance (0ms)
			ReleaseScriptingObjects (0ms)
			CreateAndSetChildDomain (24ms)
		EndReloadAssembly (617ms)
			LoadAssemblies (70ms)
			RebuildTransferFunctionScriptingTraits (0ms)
			SetupTypeCache (205ms)
			ReleaseScriptCaches (1ms)
			RebuildScriptCaches (28ms)
			SetupLoadedEditorAssemblies (245ms)
				LogAssemblyErrors (0ms)
				InitializePlatformSupportModulesInManaged (3ms)
				SetLoadedEditorAssemblies (0ms)
				RefreshPlugins (1ms)
				BeforeProcessingInitializeOnLoad (55ms)
				ProcessInitializeOnLoadAttributes (173ms)
				ProcessInitializeOnLoadMethodAttributes (8ms)
				AfterProcessingInitializeOnLoad (5ms)
				EditorAssembliesLoaded (0ms)
			ExecutionOrderSort2 (0ms)
			AwakeInstancesAfterBackupRestoration (4ms)
Platform modules already initialized, skipping
Refreshing native plugins compatible for Editor in 0.51 ms, found 2 plugins.
Preloading 0 native plugins for Editor in 0.00 ms.
Unloading 2102 Unused Serialized files (Serialized files now loaded: 0)
System memory in use before: 110.4 MB.
System memory in use after: 110.6 MB.

Unloading 29 unused Assets to reduce memory usage. Loaded Objects now: 2638.
Total: 2.331800 ms (FindLiveObjects: 0.134600 ms CreateObjectMapping: 0.046300 ms MarkObjects: 2.119100 ms  DeleteObjects: 0.030700 ms)

AssetImportParameters requested are different than current active one (requested -> active):
  custom:framework-win-MediaFoundation: 216162199b28c13a410421893ffa2e32 -> 
  custom:video-decoder-ogg-theora: a1e56fd34408186e4bbccfd4996cb3dc -> 
  custom:container-muxer-webm: aa71ff27fc2769a1b78a27578f13a17b -> 
  custom:container-demuxer-webm: 4f35f7cbe854078d1ac9338744f61a02 -> 
  custom:container-demuxer-ogg: 62fdf1f143b41e24485cea50d1cbac27 -> 
  custom:video-encoder-webm-vp8: eb34c28f22e8b96e1ab97ce403110664 -> 
  custom:video-decoder-webm-vp8: 9c59270c3fd7afecdb556c50c9e8de78 -> 
  custom:audio-decoder-ogg-vorbis: bf7c407c2cedff20999df2af8eb42d56 -> 
  custom:audio-encoder-webm-vorbis: bf7c407c2cedff20999df2af8eb42d56 -> 
========================================================================
Received Import Request.
  Time since last request: 95.971718 seconds.
  path: Assets/Scenes/SampleScene.unity
  artifactKey: Guid(9fc0d4010bbf28b4594072e72b8655ab) Importer(815301076,1909f56bfc062723c751e8b465ee728b)
Start importing Assets/Scenes/SampleScene.unity using Guid(9fc0d4010bbf28b4594072e72b8655ab) Importer(815301076,1909f56bfc062723c751e8b465ee728b)  -> (artifact id: '378aa6ae4135ed1a91fdf2233979feb0') in 0.023019 seconds 
  Import took 0.027049 seconds .

========================================================================
Received Prepare
Registering precompiled user dll's ...
Registered in 0.003790 seconds.
Begin MonoManager ReloadAssembly
Native extension for WindowsStandalone target not found
Refreshing native plugins compatible for Editor in 0.47 ms, found 2 plugins.
Preloading 0 native plugins for Editor in 0.00 ms.
Mono: successfully reloaded assembly
- Completed reload, in  0.768 seconds
Domain Reload Profiling:
	ReloadAssembly (768ms)
		BeginReloadAssembly (88ms)
			ExecutionOrderSort (0ms)
			DisableScriptedObjects (3ms)
			BackupInstance (0ms)
			ReleaseScriptingObjects (0ms)
			CreateAndSetChildDomain (24ms)
		EndReloadAssembly (636ms)
			LoadAssemblies (66ms)
			RebuildTransferFunctionScriptingTraits (0ms)
			SetupTypeCache (207ms)
			ReleaseScriptCaches (1ms)
			RebuildScriptCaches (29ms)
			SetupLoadedEditorAssemblies (258ms)
				LogAssemblyErrors (0ms)
				InitializePlatformSupportModulesInManaged (3ms)
				SetLoadedEditorAssemblies (0ms)
				RefreshPlugins (1ms)
				BeforeProcessingInitializeOnLoad (58ms)
				ProcessInitializeOnLoadAttributes (182ms)
				ProcessInitializeOnLoadMethodAttributes (8ms)
				AfterProcessingInitializeOnLoad (5ms)
				EditorAssembliesLoaded (0ms)
			ExecutionOrderSort2 (0ms)
			AwakeInstancesAfterBackupRestoration (5ms)
Platform modules already initialized, skipping
Refreshing native plugins compatible for Editor in 0.46 ms, found 2 plugins.
Preloading 0 native plugins for Editor in 0.00 ms.
Unloading 2102 Unused Serialized files (Serialized files now loaded: 0)
System memory in use before: 110.3 MB.
System memory in use after: 110.5 MB.

Unloading 29 unused Assets to reduce memory usage. Loaded Objects now: 2640.
Total: 2.466500 ms (FindLiveObjects: 0.120400 ms CreateObjectMapping: 0.041300 ms MarkObjects: 2.269800 ms  DeleteObjects: 0.034100 ms)

AssetImportParameters requested are different than current active one (requested -> active):
  custom:framework-win-MediaFoundation: 216162199b28c13a410421893ffa2e32 -> 
  custom:video-decoder-ogg-theora: a1e56fd34408186e4bbccfd4996cb3dc -> 
  custom:container-muxer-webm: aa71ff27fc2769a1b78a27578f13a17b -> 
  custom:container-demuxer-webm: 4f35f7cbe854078d1ac9338744f61a02 -> 
  custom:container-demuxer-ogg: 62fdf1f143b41e24485cea50d1cbac27 -> 
  custom:video-encoder-webm-vp8: eb34c28f22e8b96e1ab97ce403110664 -> 
  custom:video-decoder-webm-vp8: 9c59270c3fd7afecdb556c50c9e8de78 -> 
  custom:audio-decoder-ogg-vorbis: bf7c407c2cedff20999df2af8eb42d56 -> 
  custom:audio-encoder-webm-vorbis: bf7c407c2cedff20999df2af8eb42d56 -> 
========================================================================
Received Import Request.
  Time since last request: 296.398036 seconds.
  path: Assets/Player/FaceCtrl.controller
  artifactKey: Guid(2d90a4503a4176549a1662acd164fcdf) Importer(815301076,1909f56bfc062723c751e8b465ee728b)
Start importing Assets/Player/FaceCtrl.controller using Guid(2d90a4503a4176549a1662acd164fcdf) Importer(815301076,1909f56bfc062723c751e8b465ee728b)  -> (artifact id: '5b78c8faa3b91ef3d867b41c92b03705') in 0.019169 seconds 
  Import took 0.022323 seconds .

========================================================================
Received Import Request.
  Time since last request: 5.186668 seconds.
  path: Assets/Player/PlayerArmature.prefab
  artifactKey: Guid(866e2e426131272459fe91598109e919) Importer(815301076,1909f56bfc062723c751e8b465ee728b)
Start importing Assets/Player/PlayerArmature.prefab using Guid(866e2e426131272459fe91598109e919) Importer(815301076,1909f56bfc062723c751e8b465ee728b)  -> (artifact id: '82db7ccfd99a46c8728c8adc3b2774d4') in 0.079485 seconds 
  Import took 0.084290 seconds .

========================================================================
Received Import Request.
  Time since last request: 2.614067 seconds.
  path: Assets/Runemark Studio
  artifactKey: Guid(28a757c9a30b046489c4b3da130b6972) Importer(815301076,1909f56bfc062723c751e8b465ee728b)
Start importing Assets/Runemark Studio using Guid(28a757c9a30b046489c4b3da130b6972) Importer(815301076,1909f56bfc062723c751e8b465ee728b)  -> (artifact id: '0010ff06f8dfd5c3ae1aa8116716a4cc') in 0.007133 seconds 
  Import took 0.010594 seconds .

========================================================================
Received Prepare
Registering precompiled user dll's ...
Registered in 0.004170 seconds.
Begin MonoManager ReloadAssembly
Native extension for WindowsStandalone target not found
Refreshing native plugins compatible for Editor in 0.45 ms, found 2 plugins.
Preloading 0 native plugins for Editor in 0.00 ms.
Mono: successfully reloaded assembly
- Completed reload, in  0.740 seconds
Domain Reload Profiling:
	ReloadAssembly (740ms)
		BeginReloadAssembly (88ms)
			ExecutionOrderSort (0ms)
			DisableScriptedObjects (3ms)
			BackupInstance (0ms)
			ReleaseScriptingObjects (0ms)
			CreateAndSetChildDomain (24ms)
		EndReloadAssembly (609ms)
			LoadAssemblies (65ms)
			RebuildTransferFunctionScriptingTraits (0ms)
			SetupTypeCache (204ms)
			ReleaseScriptCaches (1ms)
			RebuildScriptCaches (27ms)
			SetupLoadedEditorAssemblies (247ms)
				LogAssemblyErrors (0ms)
				InitializePlatformSupportModulesInManaged (3ms)
				SetLoadedEditorAssemblies (0ms)
				RefreshPlugins (0ms)
				BeforeProcessingInitializeOnLoad (52ms)
				ProcessInitializeOnLoadAttributes (177ms)
				ProcessInitializeOnLoadMethodAttributes (9ms)
				AfterProcessingInitializeOnLoad (5ms)
				EditorAssembliesLoaded (0ms)
			ExecutionOrderSort2 (0ms)
			AwakeInstancesAfterBackupRestoration (5ms)
Platform modules already initialized, skipping
Refreshing native plugins compatible for Editor in 0.50 ms, found 2 plugins.
Preloading 0 native plugins for Editor in 0.00 ms.
Unloading 2102 Unused Serialized files (Serialized files now loaded: 0)
System memory in use before: 110.5 MB.
System memory in use after: 110.6 MB.

Unloading 29 unused Assets to reduce memory usage. Loaded Objects now: 2643.
Total: 2.606100 ms (FindLiveObjects: 0.124900 ms CreateObjectMapping: 0.037200 ms MarkObjects: 2.409600 ms  DeleteObjects: 0.033000 ms)

AssetImportParameters requested are different than current active one (requested -> active):
  custom:framework-win-MediaFoundation: 216162199b28c13a410421893ffa2e32 -> 
  custom:video-decoder-ogg-theora: a1e56fd34408186e4bbccfd4996cb3dc -> 
  custom:container-muxer-webm: aa71ff27fc2769a1b78a27578f13a17b -> 
  custom:container-demuxer-webm: 4f35f7cbe854078d1ac9338744f61a02 -> 
  custom:container-demuxer-ogg: 62fdf1f143b41e24485cea50d1cbac27 -> 
  custom:video-encoder-webm-vp8: eb34c28f22e8b96e1ab97ce403110664 -> 
  custom:video-decoder-webm-vp8: 9c59270c3fd7afecdb556c50c9e8de78 -> 
  custom:audio-decoder-ogg-vorbis: bf7c407c2cedff20999df2af8eb42d56 -> 
  custom:audio-encoder-webm-vorbis: bf7c407c2cedff20999df2af8eb42d56 -> 
========================================================================
Received Import Request.
  Time since last request: 144.815608 seconds.
  path: Assets/Player_Input.cs
  artifactKey: Guid(9486c40c25d10644b970448c2173cee5) Importer(815301076,1909f56bfc062723c751e8b465ee728b)
Start importing Assets/Player_Input.cs using Guid(9486c40c25d10644b970448c2173cee5) Importer(815301076,1909f56bfc062723c751e8b465ee728b)  -> (artifact id: '455f151886f0a0551715680eaeb27e32') in 0.023073 seconds 
  Import took 0.026383 seconds .

========================================================================
Received Prepare
Registering precompiled user dll's ...
Registered in 0.004459 seconds.
Begin MonoManager ReloadAssembly
Native extension for WindowsStandalone target not found
Refreshing native plugins compatible for Editor in 0.45 ms, found 2 plugins.
Preloading 0 native plugins for Editor in 0.00 ms.
Mono: successfully reloaded assembly
- Completed reload, in  0.766 seconds
Domain Reload Profiling:
	ReloadAssembly (766ms)
		BeginReloadAssembly (90ms)
			ExecutionOrderSort (0ms)
			DisableScriptedObjects (3ms)
			BackupInstance (0ms)
			ReleaseScriptingObjects (0ms)
			CreateAndSetChildDomain (23ms)
		EndReloadAssembly (632ms)
			LoadAssemblies (72ms)
			RebuildTransferFunctionScriptingTraits (0ms)
			SetupTypeCache (198ms)
			ReleaseScriptCaches (1ms)
			RebuildScriptCaches (30ms)
			SetupLoadedEditorAssemblies (261ms)
				LogAssemblyErrors (0ms)
				InitializePlatformSupportModulesInManaged (3ms)
				SetLoadedEditorAssemblies (0ms)
				RefreshPlugins (1ms)
				BeforeProcessingInitializeOnLoad (60ms)
				ProcessInitializeOnLoadAttributes (183ms)
				ProcessInitializeOnLoadMethodAttributes (8ms)
				AfterProcessingInitializeOnLoad (6ms)
				EditorAssembliesLoaded (0ms)
			ExecutionOrderSort2 (0ms)
			AwakeInstancesAfterBackupRestoration (5ms)
Platform modules already initialized, skipping
Refreshing native plugins compatible for Editor in 0.47 ms, found 2 plugins.
Preloading 0 native plugins for Editor in 0.00 ms.
Unloading 2102 Unused Serialized files (Serialized files now loaded: 0)
System memory in use before: 110.5 MB.
System memory in use after: 110.6 MB.

Unloading 29 unused Assets to reduce memory usage. Loaded Objects now: 2645.
Total: 2.361400 ms (FindLiveObjects: 0.123000 ms CreateObjectMapping: 0.041300 ms MarkObjects: 2.180000 ms  DeleteObjects: 0.016400 ms)

AssetImportParameters requested are different than current active one (requested -> active):
  custom:framework-win-MediaFoundation: 216162199b28c13a410421893ffa2e32 -> 
  custom:video-decoder-ogg-theora: a1e56fd34408186e4bbccfd4996cb3dc -> 
  custom:container-muxer-webm: aa71ff27fc2769a1b78a27578f13a17b -> 
  custom:container-demuxer-webm: 4f35f7cbe854078d1ac9338744f61a02 -> 
  custom:container-demuxer-ogg: 62fdf1f143b41e24485cea50d1cbac27 -> 
  custom:video-encoder-webm-vp8: eb34c28f22e8b96e1ab97ce403110664 -> 
  custom:video-decoder-webm-vp8: 9c59270c3fd7afecdb556c50c9e8de78 -> 
  custom:audio-decoder-ogg-vorbis: bf7c407c2cedff20999df2af8eb42d56 -> 
  custom:audio-encoder-webm-vorbis: bf7c407c2cedff20999df2af8eb42d56 -> 
========================================================================
Received Import Request.
  Time since last request: 43.517655 seconds.
  path: Assets/Player/Character-13-Lfoot.png
  artifactKey: Guid(742ed1e5a3742054bab46b17509f7ec4) Importer(815301076,1909f56bfc062723c751e8b465ee728b)
Start importing Assets/Player/Character-13-Lfoot.png using Guid(742ed1e5a3742054bab46b17509f7ec4) Importer(815301076,1909f56bfc062723c751e8b465ee728b)  -> (artifact id: '836bb8cab99317879e668dfbbee54b1b') in 0.034584 seconds 
  Import took 0.037853 seconds .

========================================================================
Received Import Request.
  Time since last request: 0.007275 seconds.
  path: Assets/Player/face-8-Leye.png
  artifactKey: Guid(c5fa3b41a0766dc4392e63db84a2fe14) Importer(815301076,1909f56bfc062723c751e8b465ee728b)
Start importing Assets/Player/face-8-Leye.png using Guid(c5fa3b41a0766dc4392e63db84a2fe14) Importer(815301076,1909f56bfc062723c751e8b465ee728b)  -> (artifact id: 'ba845f25ebe6c57655b8f7d6722be2da') in 0.010639 seconds 
  Import took 0.013508 seconds .

========================================================================
Received Import Request.
  Time since last request: 0.007587 seconds.
  path: Assets/Player/Character-7-LarmDown.png
  artifactKey: Guid(fa3ea238ffddde4469756c8f77ae7eb3) Importer(815301076,1909f56bfc062723c751e8b465ee728b)
Start importing Assets/Player/Character-7-LarmDown.png using Guid(fa3ea238ffddde4469756c8f77ae7eb3) Importer(815301076,1909f56bfc062723c751e8b465ee728b)  -> (artifact id: '0c0520d83f52b66bf351e799b09dfcef') in 0.011435 seconds 
  Import took 0.014331 seconds .

========================================================================
Received Import Request.
  Time since last request: 0.007556 seconds.
  path: Assets/Player/face-11-beard.png
  artifactKey: Guid(8d181ccbf29953349ab98fb1bdafab33) Importer(815301076,1909f56bfc062723c751e8b465ee728b)
Start importing Assets/Player/face-11-beard.png using Guid(8d181ccbf29953349ab98fb1bdafab33) Importer(815301076,1909f56bfc062723c751e8b465ee728b)  -> (artifact id: 'bec5c4fd8fb6e5d9acf8967bc3edbbee') in 0.008394 seconds 
  Import took 0.011343 seconds .

========================================================================
Received Import Request.
  Time since last request: 0.006808 seconds.
  path: Assets/Player/face-20-Rbrow.png
  artifactKey: Guid(50e708becb0145f4d95d2300acec317f) Importer(815301076,1909f56bfc062723c751e8b465ee728b)
Start importing Assets/Player/face-20-Rbrow.png using Guid(50e708becb0145f4d95d2300acec317f) Importer(815301076,1909f56bfc062723c751e8b465ee728b)  -> (artifact id: '16511e8ffb2a2e2ebaaf64cb57e00813') in 0.008555 seconds 
  Import took 0.011392 seconds .

========================================================================
Received Import Request.
  Time since last request: 0.006671 seconds.
  path: Assets/Player/face-12-Lbrow.png
  artifactKey: Guid(31a860ffd1538a940992c23ccf218fb5) Importer(815301076,1909f56bfc062723c751e8b465ee728b)
Start importing Assets/Player/face-12-Lbrow.png using Guid(31a860ffd1538a940992c23ccf218fb5) Importer(815301076,1909f56bfc062723c751e8b465ee728b)  -> (artifact id: '0b1123e42744a2d7cceab63194f8f974') in 0.008497 seconds 
  Import took 0.011304 seconds .

========================================================================
Received Import Request.
  Time since last request: 0.007137 seconds.
  path: Assets/Player/face-17-beard.png
  artifactKey: Guid(997aae89605c0f14d8d8c9d27feb5cac) Importer(815301076,1909f56bfc062723c751e8b465ee728b)
Start importing Assets/Player/face-17-beard.png using Guid(997aae89605c0f14d8d8c9d27feb5cac) Importer(815301076,1909f56bfc062723c751e8b465ee728b)  -> (artifact id: 'caf220aba3b93936d76176903c9c7542') in 0.008133 seconds 
  Import took 0.010912 seconds .

========================================================================
Received Import Request.
  Time since last request: 0.006739 seconds.
  path: Assets/Player/face-2-Lbrow.png
  artifactKey: Guid(b352113ddf1b9e94c90228652a411ba5) Importer(815301076,1909f56bfc062723c751e8b465ee728b)
Start importing Assets/Player/face-2-Lbrow.png using Guid(b352113ddf1b9e94c90228652a411ba5) Importer(815301076,1909f56bfc062723c751e8b465ee728b)  -> (artifact id: '8ad04cda60eafc7ce4a1d16f7221e7e6') in 0.019273 seconds 
  Import took 0.021944 seconds .

========================================================================
Received Import Request.
  Time since last request: 0.007487 seconds.
  path: Assets/Player/Character-8-LarmUp.png
  artifactKey: Guid(b7a0ed63635182d4d83cf7a7f4ddbb33) Importer(815301076,1909f56bfc062723c751e8b465ee728b)
Start importing Assets/Player/Character-8-LarmUp.png using Guid(b7a0ed63635182d4d83cf7a7f4ddbb33) Importer(815301076,1909f56bfc062723c751e8b465ee728b)  -> (artifact id: '996991619592fe79cc947d582719b911') in 0.008395 seconds 
  Import took 0.011083 seconds .

========================================================================
Received Import Request.
  Time since last request: 0.013170 seconds.
  path: Assets/Player/Character-11-LlegDown.png
  artifactKey: Guid(fc3c99a9094c42a4880b78ed54a3e3b6) Importer(815301076,1909f56bfc062723c751e8b465ee728b)
Start importing Assets/Player/Character-11-LlegDown.png using Guid(fc3c99a9094c42a4880b78ed54a3e3b6) Importer(815301076,1909f56bfc062723c751e8b465ee728b)  -> (artifact id: '0dcb5b0ba397f143b7308bc0686cae6b') in 0.008342 seconds 
  Import took 0.011066 seconds .

========================================================================
Received Import Request.
  Time since last request: 0.012043 seconds.
  path: Assets/Player/Character-9-Face.png
  artifactKey: Guid(314b942646cca574e9bb71cdca1d2a4d) Importer(815301076,1909f56bfc062723c751e8b465ee728b)
Start importing Assets/Player/Character-9-Face.png using Guid(314b942646cca574e9bb71cdca1d2a4d) Importer(815301076,1909f56bfc062723c751e8b465ee728b)  -> (artifact id: 'b0d6f706480f90a6a677214eeb6938b6') in 0.008167 seconds 
  Import took 0.011125 seconds .

========================================================================
Received Import Request.
  Time since last request: 0.006516 seconds.
  path: Assets/Player/face-3-Reye.png
  artifactKey: Guid(f8be328c6be90a545b21bdb525d5bf6f) Importer(815301076,1909f56bfc062723c751e8b465ee728b)
Start importing Assets/Player/face-3-Reye.png using Guid(f8be328c6be90a545b21bdb525d5bf6f) Importer(815301076,1909f56bfc062723c751e8b465ee728b)  -> (artifact id: '15f84494dc0c690e25a8475103493f19') in 0.008712 seconds 
  Import took 0.011462 seconds .

========================================================================
Received Import Request.
  Time since last request: 0.006895 seconds.
  path: Assets/Player/Character-2-RarmUp.png
  artifactKey: Guid(a0442a176029fce4b99ac0a03a895834) Importer(815301076,1909f56bfc062723c751e8b465ee728b)
Start importing Assets/Player/Character-2-RarmUp.png using Guid(a0442a176029fce4b99ac0a03a895834) Importer(815301076,1909f56bfc062723c751e8b465ee728b)  -> (artifact id: 'd85c53d54ced5ccf10e367690ae4e0cb') in 0.008235 seconds 
  Import took 0.011171 seconds .

========================================================================
Received Import Request.
  Time since last request: 0.006462 seconds.
  path: Assets/Player/face-23-beard.png
  artifactKey: Guid(536d0b2935d73164984cac3f8b66ec95) Importer(815301076,1909f56bfc062723c751e8b465ee728b)
Start importing Assets/Player/face-23-beard.png using Guid(536d0b2935d73164984cac3f8b66ec95) Importer(815301076,1909f56bfc062723c751e8b465ee728b)  -> (artifact id: '8e2caf8b7615895f890af14f26fa1200') in 0.008153 seconds 
  Import took 0.010912 seconds .

========================================================================
Received Import Request.
  Time since last request: 0.006795 seconds.
  path: Assets/Player/face-19-lib.png
  artifactKey: Guid(c16cf17a8ad18d040bd63200cce10df8) Importer(815301076,1909f56bfc062723c751e8b465ee728b)
Start importing Assets/Player/face-19-lib.png using Guid(c16cf17a8ad18d040bd63200cce10df8) Importer(815301076,1909f56bfc062723c751e8b465ee728b)  -> (artifact id: 'a4cefadb55ede99549738ee7a58b7582') in 0.007974 seconds 
  Import took 0.010733 seconds .

========================================================================
Received Import Request.
  Time since last request: 0.006614 seconds.
  path: Assets/Player/Character-5-Rfoot.png
  artifactKey: Guid(e037914b479f51249b861867fb8fbdbc) Importer(815301076,1909f56bfc062723c751e8b465ee728b)
Start importing Assets/Player/Character-5-Rfoot.png using Guid(e037914b479f51249b861867fb8fbdbc) Importer(815301076,1909f56bfc062723c751e8b465ee728b)  -> (artifact id: 'd5fd94f4a322799d63f6db8cba8fe350') in 0.008262 seconds 
  Import took 0.011023 seconds .

========================================================================
Received Import Request.
  Time since last request: 0.012348 seconds.
  path: Assets/Player/face-26-Lbrow.png
  artifactKey: Guid(715091e36fd5e2b44bc9e48405ea35ac) Importer(815301076,1909f56bfc062723c751e8b465ee728b)
Start importing Assets/Player/face-26-Lbrow.png using Guid(715091e36fd5e2b44bc9e48405ea35ac) Importer(815301076,1909f56bfc062723c751e8b465ee728b)  -> (artifact id: '51b69860eebed35455b1c6a7060d3675') in 0.008056 seconds 
  Import took 0.010988 seconds .

========================================================================
Received Import Request.
  Time since last request: 0.007816 seconds.
  path: Assets/Player/Character-1-RarmDown.png
  artifactKey: Guid(bcb4d9ab625b5a645a1c1b2a7bc36514) Importer(815301076,1909f56bfc062723c751e8b465ee728b)
Start importing Assets/Player/Character-1-RarmDown.png using Guid(bcb4d9ab625b5a645a1c1b2a7bc36514) Importer(815301076,1909f56bfc062723c751e8b465ee728b)  -> (artifact id: '67d1e2c2ec21fb193ca225684eeddaf7') in 0.008826 seconds 
  Import took 0.011679 seconds .

========================================================================
Received Import Request.
  Time since last request: 0.020991 seconds.
  path: Assets/Player/Character-10-Head.png
  artifactKey: Guid(c0a756a5db2ca9d44a36e89253345c3a) Importer(815301076,1909f56bfc062723c751e8b465ee728b)
Start importing Assets/Player/Character-10-Head.png using Guid(c0a756a5db2ca9d44a36e89253345c3a) Importer(815301076,1909f56bfc062723c751e8b465ee728b)  -> (artifact id: '81a454c3e8c5b7acc222b73b5bd367e3') in 0.007970 seconds 
  Import took 0.010703 seconds .

========================================================================
Received Import Request.
  Time since last request: 0.012323 seconds.
  path: Assets/Player/face-13-Rbrow.png
  artifactKey: Guid(54a37f3a909b102448a0ac49714eed83) Importer(815301076,1909f56bfc062723c751e8b465ee728b)
Start importing Assets/Player/face-13-Rbrow.png using Guid(54a37f3a909b102448a0ac49714eed83) Importer(815301076,1909f56bfc062723c751e8b465ee728b)  -> (artifact id: 'd21c24043d7dc54cd12cd7aa2e539d5f') in 0.007857 seconds 
  Import took 0.010784 seconds .

========================================================================
Received Import Request.
  Time since last request: 0.006340 seconds.
  path: Assets/Player/face-6-Rbrow.png
  artifactKey: Guid(9823edd34f834ba43a3355e6a5eca724) Importer(815301076,1909f56bfc062723c751e8b465ee728b)
Start importing Assets/Player/face-6-Rbrow.png using Guid(9823edd34f834ba43a3355e6a5eca724) Importer(815301076,1909f56bfc062723c751e8b465ee728b)  -> (artifact id: 'ed623ec3c152f057f2765391f3d3244c') in 0.008028 seconds 
  Import took 0.010812 seconds .

========================================================================
Received Import Request.
  Time since last request: 0.006474 seconds.
  path: Assets/Player/face-16-lib.png
  artifactKey: Guid(0bedb38bd2c1a154388e19f81dc7619e) Importer(815301076,1909f56bfc062723c751e8b465ee728b)
Start importing Assets/Player/face-16-lib.png using Guid(0bedb38bd2c1a154388e19f81dc7619e) Importer(815301076,1909f56bfc062723c751e8b465ee728b)  -> (artifact id: '843e6e5fd193a9cdc80f11cc7ea86161') in 0.008133 seconds 
  Import took 0.010986 seconds .

========================================================================
Received Import Request.
  Time since last request: 0.006769 seconds.
  path: Assets/Player/face-4-Leye.png
  artifactKey: Guid(6171c0c7138ac4e408c2c43a73904f5f) Importer(815301076,1909f56bfc062723c751e8b465ee728b)
Start importing Assets/Player/face-4-Leye.png using Guid(6171c0c7138ac4e408c2c43a73904f5f) Importer(815301076,1909f56bfc062723c751e8b465ee728b)  -> (artifact id: '418fa8fcb707e4f9b380b2f9607757ae') in 0.008135 seconds 
  Import took 0.010918 seconds .

========================================================================
Received Import Request.
  Time since last request: 0.007173 seconds.
  path: Assets/Player/face-9-lib.png
  artifactKey: Guid(54e0df6aa28986b4f800ed8ebb8e1177) Importer(815301076,1909f56bfc062723c751e8b465ee728b)
Start importing Assets/Player/face-9-lib.png using Guid(54e0df6aa28986b4f800ed8ebb8e1177) Importer(815301076,1909f56bfc062723c751e8b465ee728b)  -> (artifact id: 'ab9552c5ab65bd26b56e408ca2228491') in 0.008224 seconds 
  Import took 0.011085 seconds .

========================================================================
Received Import Request.
  Time since last request: 0.006916 seconds.
  path: Assets/Player/face-22-Reye.png
  artifactKey: Guid(488a50f3b20b1d34da7e4f708991f86d) Importer(815301076,1909f56bfc062723c751e8b465ee728b)
Start importing Assets/Player/face-22-Reye.png using Guid(488a50f3b20b1d34da7e4f708991f86d) Importer(815301076,1909f56bfc062723c751e8b465ee728b)  -> (artifact id: '6341fc54b1156da1ad1cbbf844527601') in 0.007703 seconds 
  Import took 0.010462 seconds .

========================================================================
Received Import Request.
  Time since last request: 0.017541 seconds.
  path: Assets/Player/Character-3-RlegDown.png
  artifactKey: Guid(8de6a49f11c9b9947b5875f83d442fea) Importer(815301076,1909f56bfc062723c751e8b465ee728b)
Start importing Assets/Player/Character-3-RlegDown.png using Guid(8de6a49f11c9b9947b5875f83d442fea) Importer(815301076,1909f56bfc062723c751e8b465ee728b)  -> (artifact id: '185946484444e8cce94950f662c5a364') in 0.008068 seconds 
  Import took 0.010841 seconds .

========================================================================
Received Import Request.
  Time since last request: 0.006661 seconds.
  path: Assets/Player/Character-14-Hip.png
  artifactKey: Guid(d26db8c63d41faf43b0f9dca484716ea) Importer(815301076,1909f56bfc062723c751e8b465ee728b)
Start importing Assets/Player/Character-14-Hip.png using Guid(d26db8c63d41faf43b0f9dca484716ea) Importer(815301076,1909f56bfc062723c751e8b465ee728b)  -> (artifact id: '7fb24153edd2f5d5720f5530f13b9674') in 0.007671 seconds 
  Import took 0.010410 seconds .

========================================================================
Received Import Request.
  Time since last request: 0.012162 seconds.
  path: Assets/Player/face-15-Reye.png
  artifactKey: Guid(3552c4ca411d9634e81c2be2b85749a2) Importer(815301076,1909f56bfc062723c751e8b465ee728b)
Start importing Assets/Player/face-15-Reye.png using Guid(3552c4ca411d9634e81c2be2b85749a2) Importer(815301076,1909f56bfc062723c751e8b465ee728b)  -> (artifact id: 'c662dc0c3493bd2f4c673978f843836a') in 0.007730 seconds 
  Import took 0.010491 seconds .

========================================================================
Received Import Request.
  Time since last request: 0.006450 seconds.
  path: Assets/Player/face-1-Rbrow.png
  artifactKey: Guid(03e8578e5bec9aa4a87700231ae2a443) Importer(815301076,1909f56bfc062723c751e8b465ee728b)
Start importing Assets/Player/face-1-Rbrow.png using Guid(03e8578e5bec9aa4a87700231ae2a443) Importer(815301076,1909f56bfc062723c751e8b465ee728b)  -> (artifact id: 'c52d4910e69be0ed73a0036497978b7f') in 0.008192 seconds 
  Import took 0.010937 seconds .

========================================================================
Received Import Request.
  Time since last request: 0.006686 seconds.
  path: Assets/Player/face-14-Leye.png
  artifactKey: Guid(b99bef9c155edb944b9c7ddcbbd0a122) Importer(815301076,1909f56bfc062723c751e8b465ee728b)
Start importing Assets/Player/face-14-Leye.png using Guid(b99bef9c155edb944b9c7ddcbbd0a122) Importer(815301076,1909f56bfc062723c751e8b465ee728b)  -> (artifact id: 'c61ab7ec57bd19505c44766b7cd8c315') in 0.007895 seconds 
  Import took 0.010726 seconds .

========================================================================
Received Import Request.
  Time since last request: 0.006300 seconds.
  path: Assets/Player/face-7-Lbrow.png
  artifactKey: Guid(bef9fe4d15879f64098c0b4c72165aca) Importer(815301076,1909f56bfc062723c751e8b465ee728b)
Start importing Assets/Player/face-7-Lbrow.png using Guid(bef9fe4d15879f64098c0b4c72165aca) Importer(815301076,1909f56bfc062723c751e8b465ee728b)  -> (artifact id: 'fdd6236014e6a55e5f02d1a282b265c0') in 0.007955 seconds 
  Import took 0.010748 seconds .

========================================================================
Received Import Request.
  Time since last request: 0.017807 seconds.
  path: Assets/Player/Character-4-RlegUp.png
  artifactKey: Guid(8c82d07f262aa4f43ac580e31253ca01) Importer(815301076,1909f56bfc062723c751e8b465ee728b)
Start importing Assets/Player/Character-4-RlegUp.png using Guid(8c82d07f262aa4f43ac580e31253ca01) Importer(815301076,1909f56bfc062723c751e8b465ee728b)  -> (artifact id: '77ac3fbd663b8dcfa5d96d4c8002e362') in 0.008131 seconds 
  Import took 0.010856 seconds .

========================================================================
Received Import Request.
  Time since last request: 0.007754 seconds.
  path: Assets/Player/face-5-beard.png
  artifactKey: Guid(f910bf40dca21564dbbf9ab414b5ac3e) Importer(815301076,1909f56bfc062723c751e8b465ee728b)
Start importing Assets/Player/face-5-beard.png using Guid(f910bf40dca21564dbbf9ab414b5ac3e) Importer(815301076,1909f56bfc062723c751e8b465ee728b)  -> (artifact id: 'd918ab9b0d94f9eb42d66a357b5a6613') in 0.007974 seconds 
  Import took 0.010750 seconds .

========================================================================
Received Import Request.
  Time since last request: 0.007101 seconds.
  path: Assets/Player/face-24-lib.png
  artifactKey: Guid(d7d0b6230f0a2e147ab127116a2d2c8a) Importer(815301076,1909f56bfc062723c751e8b465ee728b)
Start importing Assets/Player/face-24-lib.png using Guid(d7d0b6230f0a2e147ab127116a2d2c8a) Importer(815301076,1909f56bfc062723c751e8b465ee728b)  -> (artifact id: '339c5f9763d5e7e87405408ee6b4dbd7') in 0.007923 seconds 
  Import took 0.010915 seconds .

========================================================================
Received Import Request.
  Time since last request: 0.007346 seconds.
  path: Assets/Player/Character-12-LlegUp.png
  artifactKey: Guid(ef472c55b7f6d5845b39e7b0a8b610fe) Importer(815301076,1909f56bfc062723c751e8b465ee728b)
Start importing Assets/Player/Character-12-LlegUp.png using Guid(ef472c55b7f6d5845b39e7b0a8b610fe) Importer(815301076,1909f56bfc062723c751e8b465ee728b)  -> (artifact id: '8701a8973a63d48bcb0b355c25752b33') in 0.008520 seconds 
  Import took 0.011210 seconds .

========================================================================
Received Import Request.
  Time since last request: 0.006653 seconds.
  path: Assets/Player/face-27-Reye.png
  artifactKey: Guid(282ff6338feb39b44b2f2122ea561ba9) Importer(815301076,1909f56bfc062723c751e8b465ee728b)
Start importing Assets/Player/face-27-Reye.png using Guid(282ff6338feb39b44b2f2122ea561ba9) Importer(815301076,1909f56bfc062723c751e8b465ee728b)  -> (artifact id: 'df2c693d8865fec5fc50a4b31aface0e') in 0.008381 seconds 
  Import took 0.011051 seconds .

========================================================================
Received Import Request.
  Time since last request: 0.007241 seconds.
  path: Assets/Player/face-28-Leye.png
  artifactKey: Guid(62351aae64264bd408f393ab00a9e363) Importer(815301076,1909f56bfc062723c751e8b465ee728b)
Start importing Assets/Player/face-28-Leye.png using Guid(62351aae64264bd408f393ab00a9e363) Importer(815301076,1909f56bfc062723c751e8b465ee728b)  -> (artifact id: '37acfbf2b1b5010030d5ca61af9ae6cb') in 0.008609 seconds 
  Import took 0.011319 seconds .

========================================================================
Received Import Request.
  Time since last request: 0.007575 seconds.
  path: Assets/Player/Character-6-Lhand.png
  artifactKey: Guid(40acaa70b27505b4a9c08d950ab3eabc) Importer(815301076,1909f56bfc062723c751e8b465ee728b)
Start importing Assets/Player/Character-6-Lhand.png using Guid(40acaa70b27505b4a9c08d950ab3eabc) Importer(815301076,1909f56bfc062723c751e8b465ee728b)  -> (artifact id: '5d51502b719f059f2aa202b101d3c9b3') in 0.007909 seconds 
  Import took 0.010665 seconds .

========================================================================
Received Import Request.
  Time since last request: 0.012667 seconds.
  path: Assets/Player/face-25-Rbrow.png
  artifactKey: Guid(d58c017158d433741962e471cd8a76a6) Importer(815301076,1909f56bfc062723c751e8b465ee728b)
Start importing Assets/Player/face-25-Rbrow.png using Guid(d58c017158d433741962e471cd8a76a6) Importer(815301076,1909f56bfc062723c751e8b465ee728b)  -> (artifact id: '093e3660debeeb0c685a140351e06fac') in 0.009324 seconds 
  Import took 0.012836 seconds .

========================================================================
Received Import Request.
  Time since last request: 0.007073 seconds.
  path: Assets/Player/face-10-Reye.png
  artifactKey: Guid(7b84a5fbd956aeb449f9a1d42b2c7735) Importer(815301076,1909f56bfc062723c751e8b465ee728b)
Start importing Assets/Player/face-10-Reye.png using Guid(7b84a5fbd956aeb449f9a1d42b2c7735) Importer(815301076,1909f56bfc062723c751e8b465ee728b)  -> (artifact id: 'f24f7f9345384176bbe20ee5b96cc837') in 0.010268 seconds 
  Import took 0.013238 seconds .

========================================================================
Received Import Request.
  Time since last request: 0.007768 seconds.
  path: Assets/Player/face-21-Lbrow.png
  artifactKey: Guid(1de82e44981282b4fac0f3d634eb94a2) Importer(815301076,1909f56bfc062723c751e8b465ee728b)
Start importing Assets/Player/face-21-Lbrow.png using Guid(1de82e44981282b4fac0f3d634eb94a2) Importer(815301076,1909f56bfc062723c751e8b465ee728b)  -> (artifact id: '1b4e484391ecce28ebdc2467a565d131') in 0.008323 seconds 
  Import took 0.011316 seconds .

========================================================================
Received Import Request.
  Time since last request: 0.006556 seconds.
  path: Assets/Player/face-18-Leye.png
  artifactKey: Guid(917c80a2d4781a642870b1613884fe21) Importer(815301076,1909f56bfc062723c751e8b465ee728b)
Start importing Assets/Player/face-18-Leye.png using Guid(917c80a2d4781a642870b1613884fe21) Importer(815301076,1909f56bfc062723c751e8b465ee728b)  -> (artifact id: 'cf96826ffd8e51990393b93f0badb409') in 0.008444 seconds 
  Import took 0.011565 seconds .

AssetImportWorkerClient::OnTransportError - code=2 error=End of file
